#
# A fatal error has been detected by the Java Runtime Environment:
#
#  EXCEPTION_ACCESS_VIOLATION (0xc0000005) at pc=0x00007ffd2771d175, pid=33600, tid=29104
#
# JRE version: Java(TM) SE Runtime Environment (18.0.1.1+2) (build 18.0.1.1+2-6)
# Java VM: Java HotSpot(TM) 64-Bit Server VM (18.0.1.1+2-6, mixed mode, sharing, tiered, compressed oops, compressed class ptrs, g1 gc, windows-amd64)
# Problematic frame:
# C  [jniRaylib.dll+0xcd175]
#
# No core dump will be written. Minidumps are not enabled by default on client versions of Windows
#
# If you would like to submit a bug report, please visit:
#   https://bugreport.java.com/bugreport/crash.jsp
# The crash happened outside the Java Virtual Machine in native code.
# See problematic frame for where to report the bug.
#

---------------  S U M M A R Y ------------

Command Line: -Dfile.encoding=windows-1252 -Duser.country=GB -Duser.language=en -Duser.variant org.example.Main

Host: Intel(R) Core(TM) i7-1065G7 CPU @ 1.30GHz, 8 cores, 15G,  Windows 10 , 64 bit Build 19041 (10.0.19041.2788)
Time: Thu May 25 17:36:30 2023 W. Europe Summer Time elapsed time: 2.490216 seconds (0d 0h 0m 2s)

---------------  T H R E A D  ---------------

Current thread (0x000001c10c816410):  JavaThread "main" [_thread_in_native, id=29104, stack(0x000000841a400000,0x000000841a500000)]

Stack: [0x000000841a400000,0x000000841a500000],  sp=0x000000841a4fecf0,  free space=1019k
Native frames: (J=compiled Java code, j=interpreted, Vv=VM code, C=native code)
C  [jniRaylib.dll+0xcd175]

Java frames: (J=compiled Java code, j=interpreted, Vv=VM code)
j  com.raylib.Raylib.DrawRectangle(IIIILcom/raylib/Raylib$Color;)V+0
j  org.example.Main.draw(I[IF)V+13
j  org.example.Main.gameLoop(SS)V+65
j  org.example.Main.main([Ljava/lang/String;)V+9
v  ~StubRoutines::call_stub

siginfo: EXCEPTION_ACCESS_VIOLATION (0xc0000005), writing address 0x000001c134fe7940


Register to memory mapping:

RIP=0x00007ffd2771d175 jniRaylib.dll
RAX=0x00000000000000be is an unknown value
RBX=0x00000000ff3721be is an unknown value
RCX=0x000001c134fe7940 is an unknown value
RDX=0x0 is NULL
RSP=0x000000841a4fecf0 is pointing into the stack for thread: 0x000001c10c816410
RBP=0x00000000000000c8 is an unknown value
RSI=0x000001c134cc8a30 points into unknown readable memory: 0x000001c1ff3721be | be 21 37 ff c1 01 00 00
RDI=0x000000841a4fee40 is pointing into the stack for thread: 0x000001c10c816410
R8 =0x0 is NULL
R9 =0x0 is NULL
R10=0x00007ffd3ecbf648 jvm.dll
R11=0x0000000000000004 is an unknown value
R12=0x0 is NULL
R13=0x000001c12fc45780 is pointing into metadata
R14=0x000000000000012c is an unknown value
R15=0x000001c10c816410 is a thread


Registers:
RAX=0x00000000000000be, RBX=0x00000000ff3721be, RCX=0x000001c134fe7940, RDX=0x0000000000000000
RSP=0x000000841a4fecf0, RBP=0x00000000000000c8, RSI=0x000001c134cc8a30, RDI=0x000000841a4fee40
R8 =0x0000000000000000, R9 =0x0000000000000000, R10=0x00007ffd3ecbf648, R11=0x0000000000000004
R12=0x0000000000000000, R13=0x000001c12fc45780, R14=0x000000000000012c, R15=0x000001c10c816410
RIP=0x00007ffd2771d175, EFLAGS=0x0000000000010246

Top of Stack: (sp=0x000000841a4fecf0)
0x000000841a4fecf0:   0000000000000000 0000000000000002
0x000000841a4fed00:   0000002100000000 0000000000000000
0x000000841a4fed10:   0000000043480000 0000000000000000
0x000000841a4fed20:   00000000435c0000 0000000000000000
0x000000841a4fed30:   00000000ff3721be 00007ffd2772341e
0x000000841a4fed40:   0000000000000001 00007ffda2e27c55
0x000000841a4fed50:   00000000ffffffff 0000000000000000
0x000000841a4fed60:   0000000000000000 0000000000000000
0x000000841a4fed70:   0000000000000000 0000000000000000
0x000000841a4fed80:   0000000000000000 0000000000000000
0x000000841a4fed90:   0000000000000000 0000000000000000
0x000000841a4feda0:   0000000000000000 0000000000000000
0x000000841a4fedb0:   0000000000000000 0000000000000000
0x000000841a4fedc0:   0000000000000000 0000000000000000
0x000000841a4fedd0:   0000000000000000 0000000000000000
0x000000841a4fede0:   0000000000000003 00007ffda2e2b3e4 

Instructions: (pc=0x00007ffd2771d175)
0x00007ffd2771d075:   02 c1 e0 02 3b c8 0f 8d bb 01 00 00 8d 04 49 48
0x00007ffd2771d085:   63 c8 4a 8b 44 02 08 f3 0f 11 24 88 48 8b 05 b8
0x00007ffd2771d095:   9a 13 00 4c 63 48 04 4c 8b 40 08 8b 05 d2 9a 13
0x00007ffd2771d0a5:   00 49 c1 e1 06 8d 0c 40 4b 8b 44 01 08 48 63 d1
0x00007ffd2771d0b5:   f3 0f 11 5c 90 04 48 8b 05 8e 9a 13 00 4c 63 48
0x00007ffd2771d0c5:   04 4c 8b 40 08 8b 05 a8 9a 13 00 49 c1 e1 06 8d
0x00007ffd2771d0d5:   0c 40 4b 8b 44 01 08 48 63 d1 f3 0f 11 6c 90 08
0x00007ffd2771d0e5:   48 8b 05 64 9a 13 00 f3 0f 10 05 88 9a 13 00 4c
0x00007ffd2771d0f5:   63 40 04 48 8b 50 08 8b 05 76 9a 13 00 03 c0 49
0x00007ffd2771d105:   c1 e0 06 48 63 c8 49 8b 44 10 10 f3 0f 11 04 88
0x00007ffd2771d115:   48 8b 05 34 9a 13 00 f3 0f 10 05 5c 9a 13 00 4c
0x00007ffd2771d125:   63 40 04 48 8b 50 08 8b 05 46 9a 13 00 03 c0 49
0x00007ffd2771d135:   c1 e0 06 48 63 c8 49 8b 44 10 10 f3 0f 11 44 88
0x00007ffd2771d145:   04 48 8b 05 03 9a 13 00 4c 63 40 04 48 8b 48 08
0x00007ffd2771d155:   8b 05 1d 9a 13 00 49 c1 e0 06 8d 04 85 00 00 00
0x00007ffd2771d165:   00 49 8b 4c 08 18 48 63 d0 0f b6 05 1b 9a 13 00
0x00007ffd2771d175:   88 04 0a 48 8b 05 d1 99 13 00 4c 63 40 04 48 8b
0x00007ffd2771d185:   48 08 8b 05 eb 99 13 00 49 c1 e0 06 8d 04 85 00
0x00007ffd2771d195:   00 00 00 49 8b 4c 08 18 48 63 d0 0f b6 05 ea 99
0x00007ffd2771d1a5:   13 00 88 44 11 01 48 8b 05 9e 99 13 00 4c 63 40
0x00007ffd2771d1b5:   04 48 8b 48 08 8b 05 b8 99 13 00 49 c1 e0 06 8d
0x00007ffd2771d1c5:   04 85 00 00 00 00 49 8b 4c 08 18 48 63 d0 0f b6
0x00007ffd2771d1d5:   05 b8 99 13 00 88 44 11 02 48 8b 05 6b 99 13 00
0x00007ffd2771d1e5:   4c 63 40 04 48 8b 48 08 8b 05 85 99 13 00 49 c1
0x00007ffd2771d1f5:   e0 06 8d 04 85 00 00 00 00 49 8b 4c 08 18 48 63
0x00007ffd2771d205:   d0 0f b6 05 86 99 13 00 88 44 11 03 48 8b 05 38
0x00007ffd2771d215:   99 13 00 ff 05 5a 99 13 00 48 63 48 18 48 8b 40
0x00007ffd2771d225:   10 48 03 c9 ff 44 c8 f4 0f 28 74 24 30 0f 28 7c
0x00007ffd2771d235:   24 20 48 83 c4 48 c3 48 8d 15 85 2c 08 00 b9 05
0x00007ffd2771d245:   00 00 00 0f 28 74 24 30 0f 28 7c 24 20 48 83 c4
0x00007ffd2771d255:   48 e9 e5 58 06 00 cc cc cc cc cc 48 ff 25 b9 98
0x00007ffd2771d265:   13 00 cc cc cc cc cc cc cc cc cc 40 55 48 83 ec 


Stack slot to memory mapping:
stack at sp + 0 slots: 0x0 is NULL
stack at sp + 1 slots: 0x0000000000000002 is an unknown value
stack at sp + 2 slots: 0x0000002100000000 is an unknown value
stack at sp + 3 slots: 0x0 is NULL
stack at sp + 4 slots: 0x0000000043480000 is an unknown value
stack at sp + 5 slots: 0x0 is NULL
stack at sp + 6 slots: 0x00000000435c0000 is an unknown value
stack at sp + 7 slots: 0x0 is NULL


---------------  P R O C E S S  ---------------

Threads class SMR info:
_java_thread_list=0x000001c134e7e2d0, length=13, elements={
0x000001c10c816410, 0x000001c12f472c20, 0x000001c12f473bd0, 0x000001c12f48b9a0,
0x000001c12f48c340, 0x000001c12f490d00, 0x000001c12f4b17f0, 0x000001c12f4b9b30,
0x000001c12f4c4570, 0x000001c12f4d5b20, 0x000001c1338ccc30, 0x000001c1338ce520,
0x000001c10a69c3f0
}

Java Threads: ( => current thread )
=>0x000001c10c816410 JavaThread "main" [_thread_in_native, id=29104, stack(0x000000841a400000,0x000000841a500000)]
  0x000001c12f472c20 JavaThread "Reference Handler" daemon [_thread_blocked, id=8184, stack(0x000000841ab00000,0x000000841ac00000)]
  0x000001c12f473bd0 JavaThread "Finalizer" daemon [_thread_blocked, id=21324, stack(0x000000841ac00000,0x000000841ad00000)]
  0x000001c12f48b9a0 JavaThread "Signal Dispatcher" daemon [_thread_blocked, id=18168, stack(0x000000841ad00000,0x000000841ae00000)]
  0x000001c12f48c340 JavaThread "Attach Listener" daemon [_thread_blocked, id=624, stack(0x000000841ae00000,0x000000841af00000)]
  0x000001c12f490d00 JavaThread "Service Thread" daemon [_thread_blocked, id=10644, stack(0x000000841af00000,0x000000841b000000)]
  0x000001c12f4b17f0 JavaThread "Monitor Deflation Thread" daemon [_thread_blocked, id=22172, stack(0x000000841b000000,0x000000841b100000)]
  0x000001c12f4b9b30 JavaThread "C2 CompilerThread0" daemon [_thread_blocked, id=28700, stack(0x000000841b100000,0x000000841b200000)]
  0x000001c12f4c4570 JavaThread "C1 CompilerThread0" daemon [_thread_blocked, id=43968, stack(0x000000841b200000,0x000000841b300000)]
  0x000001c12f4d5b20 JavaThread "Sweeper thread" daemon [_thread_blocked, id=42880, stack(0x000000841b300000,0x000000841b400000)]
  0x000001c1338ccc30 JavaThread "Notification Thread" daemon [_thread_blocked, id=11184, stack(0x000000841b400000,0x000000841b500000)]
  0x000001c1338ce520 JavaThread "Common-Cleaner" daemon [_thread_blocked, id=34340, stack(0x000000841b600000,0x000000841b700000)]
  0x000001c10a69c3f0 JavaThread "JavaCPP Deallocator" daemon [_thread_blocked, id=35896, stack(0x000000841b700000,0x000000841b800000)]

Other Threads:
  0x000001c10c8a8a50 VMThread "VM Thread" [stack: 0x000000841aa00000,0x000000841ab00000] [id=5116]
  0x000001c1338ce100 WatcherThread "VM Periodic Task Thread" [stack: 0x000000841b500000,0x000000841b600000] [id=32908]
  0x000001c10c8820e0 WorkerThread "GC Thread#0" [stack: 0x000000841a500000,0x000000841a600000] [id=31288]
  0x000001c10c893ca0 ConcurrentGCThread "G1 Main Marker" [stack: 0x000000841a600000,0x000000841a700000] [id=24288]
  0x000001c10c894e30 WorkerThread "G1 Conc#0" [stack: 0x000000841a700000,0x000000841a800000] [id=15300]
  0x000001c12f3280b0 ConcurrentGCThread "G1 Refine#0" [stack: 0x000000841a800000,0x000000841a900000] [id=38436]
  0x000001c12f3289c0 ConcurrentGCThread "G1 Service" [stack: 0x000000841a900000,0x000000841aa00000] [id=32500]

Threads with active compile tasks:

VM state: not at safepoint (normal execution)

VM Mutex/Monitor currently owned by a thread: None

Heap address: 0x0000000703800000, size: 4040 MB, Compressed Oops mode: Zero based, Oop shift amount: 3

CDS archive(s) mapped at: [0x0000000800000000-0x0000000800ba0000-0x0000000800ba0000), size 12189696, SharedBaseAddress: 0x0000000800000000, ArchiveRelocationMode: 0.
Compressed class space mapped at: 0x0000000800c00000-0x0000000840c00000, reserved size: 1073741824
Narrow klass base: 0x0000000800000000, Narrow klass shift: 0, Narrow klass range: 0x100000000

GC Precious Log:
 CardTable entry size: 512
 Card Set container configuration: InlinePtr #cards 4 size 8 Array Of Cards #cards 16 size 48 Howl #buckets 8 coarsen threshold 3686 Howl Bitmap #cards 512 size 80 coarsen threshold 460 Card regions per heap region 1 cards per card region 4096
 CPUs: 8 total, 8 available
 Memory: 16153M
 Large Page Support: Disabled
 NUMA Support: Disabled
 Compressed Oops: Enabled (Zero based)
 Heap Region Size: 2M
 Heap Min Capacity: 8M
 Heap Initial Capacity: 254M
 Heap Max Capacity: 4040M
 Pre-touch: Disabled
 Parallel Workers: 8
 Concurrent Workers: 2
 Concurrent Refinement Workers: 8
 Periodic GC: Disabled

Heap:
 garbage-first heap   total 260096K, used 16384K [0x0000000703800000, 0x0000000800000000)
  region size 2048K, 9 young (18432K), 0 survivors (0K)
 Metaspace       used 2050K, committed 2176K, reserved 1114112K
  class space    used 174K, committed 256K, reserved 1048576K

Heap Regions: E=young(eden), S=young(survivor), O=old, HS=humongous(starts), HC=humongous(continues), CS=collection set, F=free, OA=open archive, CA=closed archive, TAMS=top-at-mark-start (previous, next)
|   0|0x0000000703800000, 0x0000000703800000, 0x0000000703a00000|  0%| F|  |TAMS 0x0000000703800000, 0x0000000703800000| Untracked 
|   1|0x0000000703a00000, 0x0000000703a00000, 0x0000000703c00000|  0%| F|  |TAMS 0x0000000703a00000, 0x0000000703a00000| Untracked 
|   2|0x0000000703c00000, 0x0000000703c00000, 0x0000000703e00000|  0%| F|  |TAMS 0x0000000703c00000, 0x0000000703c00000| Untracked 
|   3|0x0000000703e00000, 0x0000000703e00000, 0x0000000704000000|  0%| F|  |TAMS 0x0000000703e00000, 0x0000000703e00000| Untracked 
|   4|0x0000000704000000, 0x0000000704000000, 0x0000000704200000|  0%| F|  |TAMS 0x0000000704000000, 0x0000000704000000| Untracked 
|   5|0x0000000704200000, 0x0000000704200000, 0x0000000704400000|  0%| F|  |TAMS 0x0000000704200000, 0x0000000704200000| Untracked 
|   6|0x0000000704400000, 0x0000000704400000, 0x0000000704600000|  0%| F|  |TAMS 0x0000000704400000, 0x0000000704400000| Untracked 
|   7|0x0000000704600000, 0x0000000704600000, 0x0000000704800000|  0%| F|  |TAMS 0x0000000704600000, 0x0000000704600000| Untracked 
|   8|0x0000000704800000, 0x0000000704800000, 0x0000000704a00000|  0%| F|  |TAMS 0x0000000704800000, 0x0000000704800000| Untracked 
|   9|0x0000000704a00000, 0x0000000704a00000, 0x0000000704c00000|  0%| F|  |TAMS 0x0000000704a00000, 0x0000000704a00000| Untracked 
|  10|0x0000000704c00000, 0x0000000704c00000, 0x0000000704e00000|  0%| F|  |TAMS 0x0000000704c00000, 0x0000000704c00000| Untracked 
|  11|0x0000000704e00000, 0x0000000704e00000, 0x0000000705000000|  0%| F|  |TAMS 0x0000000704e00000, 0x0000000704e00000| Untracked 
|  12|0x0000000705000000, 0x0000000705000000, 0x0000000705200000|  0%| F|  |TAMS 0x0000000705000000, 0x0000000705000000| Untracked 
|  13|0x0000000705200000, 0x0000000705200000, 0x0000000705400000|  0%| F|  |TAMS 0x0000000705200000, 0x0000000705200000| Untracked 
|  14|0x0000000705400000, 0x0000000705400000, 0x0000000705600000|  0%| F|  |TAMS 0x0000000705400000, 0x0000000705400000| Untracked 
|  15|0x0000000705600000, 0x0000000705600000, 0x0000000705800000|  0%| F|  |TAMS 0x0000000705600000, 0x0000000705600000| Untracked 
|  16|0x0000000705800000, 0x0000000705800000, 0x0000000705a00000|  0%| F|  |TAMS 0x0000000705800000, 0x0000000705800000| Untracked 
|  17|0x0000000705a00000, 0x0000000705a00000, 0x0000000705c00000|  0%| F|  |TAMS 0x0000000705a00000, 0x0000000705a00000| Untracked 
|  18|0x0000000705c00000, 0x0000000705c00000, 0x0000000705e00000|  0%| F|  |TAMS 0x0000000705c00000, 0x0000000705c00000| Untracked 
|  19|0x0000000705e00000, 0x0000000705e00000, 0x0000000706000000|  0%| F|  |TAMS 0x0000000705e00000, 0x0000000705e00000| Untracked 
|  20|0x0000000706000000, 0x0000000706000000, 0x0000000706200000|  0%| F|  |TAMS 0x0000000706000000, 0x0000000706000000| Untracked 
|  21|0x0000000706200000, 0x0000000706200000, 0x0000000706400000|  0%| F|  |TAMS 0x0000000706200000, 0x0000000706200000| Untracked 
|  22|0x0000000706400000, 0x0000000706400000, 0x0000000706600000|  0%| F|  |TAMS 0x0000000706400000, 0x0000000706400000| Untracked 
|  23|0x0000000706600000, 0x0000000706600000, 0x0000000706800000|  0%| F|  |TAMS 0x0000000706600000, 0x0000000706600000| Untracked 
|  24|0x0000000706800000, 0x0000000706800000, 0x0000000706a00000|  0%| F|  |TAMS 0x0000000706800000, 0x0000000706800000| Untracked 
|  25|0x0000000706a00000, 0x0000000706a00000, 0x0000000706c00000|  0%| F|  |TAMS 0x0000000706a00000, 0x0000000706a00000| Untracked 
|  26|0x0000000706c00000, 0x0000000706c00000, 0x0000000706e00000|  0%| F|  |TAMS 0x0000000706c00000, 0x0000000706c00000| Untracked 
|  27|0x0000000706e00000, 0x0000000706e00000, 0x0000000707000000|  0%| F|  |TAMS 0x0000000706e00000, 0x0000000706e00000| Untracked 
|  28|0x0000000707000000, 0x0000000707000000, 0x0000000707200000|  0%| F|  |TAMS 0x0000000707000000, 0x0000000707000000| Untracked 
|  29|0x0000000707200000, 0x0000000707200000, 0x0000000707400000|  0%| F|  |TAMS 0x0000000707200000, 0x0000000707200000| Untracked 
|  30|0x0000000707400000, 0x0000000707400000, 0x0000000707600000|  0%| F|  |TAMS 0x0000000707400000, 0x0000000707400000| Untracked 
|  31|0x0000000707600000, 0x0000000707600000, 0x0000000707800000|  0%| F|  |TAMS 0x0000000707600000, 0x0000000707600000| Untracked 
|  32|0x0000000707800000, 0x0000000707800000, 0x0000000707a00000|  0%| F|  |TAMS 0x0000000707800000, 0x0000000707800000| Untracked 
|  33|0x0000000707a00000, 0x0000000707a00000, 0x0000000707c00000|  0%| F|  |TAMS 0x0000000707a00000, 0x0000000707a00000| Untracked 
|  34|0x0000000707c00000, 0x0000000707c00000, 0x0000000707e00000|  0%| F|  |TAMS 0x0000000707c00000, 0x0000000707c00000| Untracked 
|  35|0x0000000707e00000, 0x0000000707e00000, 0x0000000708000000|  0%| F|  |TAMS 0x0000000707e00000, 0x0000000707e00000| Untracked 
|  36|0x0000000708000000, 0x0000000708000000, 0x0000000708200000|  0%| F|  |TAMS 0x0000000708000000, 0x0000000708000000| Untracked 
|  37|0x0000000708200000, 0x0000000708200000, 0x0000000708400000|  0%| F|  |TAMS 0x0000000708200000, 0x0000000708200000| Untracked 
|  38|0x0000000708400000, 0x0000000708400000, 0x0000000708600000|  0%| F|  |TAMS 0x0000000708400000, 0x0000000708400000| Untracked 
|  39|0x0000000708600000, 0x0000000708600000, 0x0000000708800000|  0%| F|  |TAMS 0x0000000708600000, 0x0000000708600000| Untracked 
|  40|0x0000000708800000, 0x0000000708800000, 0x0000000708a00000|  0%| F|  |TAMS 0x0000000708800000, 0x0000000708800000| Untracked 
|  41|0x0000000708a00000, 0x0000000708a00000, 0x0000000708c00000|  0%| F|  |TAMS 0x0000000708a00000, 0x0000000708a00000| Untracked 
|  42|0x0000000708c00000, 0x0000000708c00000, 0x0000000708e00000|  0%| F|  |TAMS 0x0000000708c00000, 0x0000000708c00000| Untracked 
|  43|0x0000000708e00000, 0x0000000708e00000, 0x0000000709000000|  0%| F|  |TAMS 0x0000000708e00000, 0x0000000708e00000| Untracked 
|  44|0x0000000709000000, 0x0000000709000000, 0x0000000709200000|  0%| F|  |TAMS 0x0000000709000000, 0x0000000709000000| Untracked 
|  45|0x0000000709200000, 0x0000000709200000, 0x0000000709400000|  0%| F|  |TAMS 0x0000000709200000, 0x0000000709200000| Untracked 
|  46|0x0000000709400000, 0x0000000709400000, 0x0000000709600000|  0%| F|  |TAMS 0x0000000709400000, 0x0000000709400000| Untracked 
|  47|0x0000000709600000, 0x0000000709600000, 0x0000000709800000|  0%| F|  |TAMS 0x0000000709600000, 0x0000000709600000| Untracked 
|  48|0x0000000709800000, 0x0000000709800000, 0x0000000709a00000|  0%| F|  |TAMS 0x0000000709800000, 0x0000000709800000| Untracked 
|  49|0x0000000709a00000, 0x0000000709a00000, 0x0000000709c00000|  0%| F|  |TAMS 0x0000000709a00000, 0x0000000709a00000| Untracked 
|  50|0x0000000709c00000, 0x0000000709c00000, 0x0000000709e00000|  0%| F|  |TAMS 0x0000000709c00000, 0x0000000709c00000| Untracked 
|  51|0x0000000709e00000, 0x0000000709e00000, 0x000000070a000000|  0%| F|  |TAMS 0x0000000709e00000, 0x0000000709e00000| Untracked 
|  52|0x000000070a000000, 0x000000070a000000, 0x000000070a200000|  0%| F|  |TAMS 0x000000070a000000, 0x000000070a000000| Untracked 
|  53|0x000000070a200000, 0x000000070a200000, 0x000000070a400000|  0%| F|  |TAMS 0x000000070a200000, 0x000000070a200000| Untracked 
|  54|0x000000070a400000, 0x000000070a400000, 0x000000070a600000|  0%| F|  |TAMS 0x000000070a400000, 0x000000070a400000| Untracked 
|  55|0x000000070a600000, 0x000000070a600000, 0x000000070a800000|  0%| F|  |TAMS 0x000000070a600000, 0x000000070a600000| Untracked 
|  56|0x000000070a800000, 0x000000070a800000, 0x000000070aa00000|  0%| F|  |TAMS 0x000000070a800000, 0x000000070a800000| Untracked 
|  57|0x000000070aa00000, 0x000000070aa00000, 0x000000070ac00000|  0%| F|  |TAMS 0x000000070aa00000, 0x000000070aa00000| Untracked 
|  58|0x000000070ac00000, 0x000000070ac00000, 0x000000070ae00000|  0%| F|  |TAMS 0x000000070ac00000, 0x000000070ac00000| Untracked 
|  59|0x000000070ae00000, 0x000000070ae00000, 0x000000070b000000|  0%| F|  |TAMS 0x000000070ae00000, 0x000000070ae00000| Untracked 
|  60|0x000000070b000000, 0x000000070b000000, 0x000000070b200000|  0%| F|  |TAMS 0x000000070b000000, 0x000000070b000000| Untracked 
|  61|0x000000070b200000, 0x000000070b200000, 0x000000070b400000|  0%| F|  |TAMS 0x000000070b200000, 0x000000070b200000| Untracked 
|  62|0x000000070b400000, 0x000000070b400000, 0x000000070b600000|  0%| F|  |TAMS 0x000000070b400000, 0x000000070b400000| Untracked 
|  63|0x000000070b600000, 0x000000070b600000, 0x000000070b800000|  0%| F|  |TAMS 0x000000070b600000, 0x000000070b600000| Untracked 
|  64|0x000000070b800000, 0x000000070b800000, 0x000000070ba00000|  0%| F|  |TAMS 0x000000070b800000, 0x000000070b800000| Untracked 
|  65|0x000000070ba00000, 0x000000070ba00000, 0x000000070bc00000|  0%| F|  |TAMS 0x000000070ba00000, 0x000000070ba00000| Untracked 
|  66|0x000000070bc00000, 0x000000070bc00000, 0x000000070be00000|  0%| F|  |TAMS 0x000000070bc00000, 0x000000070bc00000| Untracked 
|  67|0x000000070be00000, 0x000000070be00000, 0x000000070c000000|  0%| F|  |TAMS 0x000000070be00000, 0x000000070be00000| Untracked 
|  68|0x000000070c000000, 0x000000070c000000, 0x000000070c200000|  0%| F|  |TAMS 0x000000070c000000, 0x000000070c000000| Untracked 
|  69|0x000000070c200000, 0x000000070c200000, 0x000000070c400000|  0%| F|  |TAMS 0x000000070c200000, 0x000000070c200000| Untracked 
|  70|0x000000070c400000, 0x000000070c400000, 0x000000070c600000|  0%| F|  |TAMS 0x000000070c400000, 0x000000070c400000| Untracked 
|  71|0x000000070c600000, 0x000000070c600000, 0x000000070c800000|  0%| F|  |TAMS 0x000000070c600000, 0x000000070c600000| Untracked 
|  72|0x000000070c800000, 0x000000070c800000, 0x000000070ca00000|  0%| F|  |TAMS 0x000000070c800000, 0x000000070c800000| Untracked 
|  73|0x000000070ca00000, 0x000000070ca00000, 0x000000070cc00000|  0%| F|  |TAMS 0x000000070ca00000, 0x000000070ca00000| Untracked 
|  74|0x000000070cc00000, 0x000000070cc00000, 0x000000070ce00000|  0%| F|  |TAMS 0x000000070cc00000, 0x000000070cc00000| Untracked 
|  75|0x000000070ce00000, 0x000000070ce00000, 0x000000070d000000|  0%| F|  |TAMS 0x000000070ce00000, 0x000000070ce00000| Untracked 
|  76|0x000000070d000000, 0x000000070d000000, 0x000000070d200000|  0%| F|  |TAMS 0x000000070d000000, 0x000000070d000000| Untracked 
|  77|0x000000070d200000, 0x000000070d200000, 0x000000070d400000|  0%| F|  |TAMS 0x000000070d200000, 0x000000070d200000| Untracked 
|  78|0x000000070d400000, 0x000000070d400000, 0x000000070d600000|  0%| F|  |TAMS 0x000000070d400000, 0x000000070d400000| Untracked 
|  79|0x000000070d600000, 0x000000070d600000, 0x000000070d800000|  0%| F|  |TAMS 0x000000070d600000, 0x000000070d600000| Untracked 
|  80|0x000000070d800000, 0x000000070d800000, 0x000000070da00000|  0%| F|  |TAMS 0x000000070d800000, 0x000000070d800000| Untracked 
|  81|0x000000070da00000, 0x000000070da00000, 0x000000070dc00000|  0%| F|  |TAMS 0x000000070da00000, 0x000000070da00000| Untracked 
|  82|0x000000070dc00000, 0x000000070dc00000, 0x000000070de00000|  0%| F|  |TAMS 0x000000070dc00000, 0x000000070dc00000| Untracked 
|  83|0x000000070de00000, 0x000000070de00000, 0x000000070e000000|  0%| F|  |TAMS 0x000000070de00000, 0x000000070de00000| Untracked 
|  84|0x000000070e000000, 0x000000070e000000, 0x000000070e200000|  0%| F|  |TAMS 0x000000070e000000, 0x000000070e000000| Untracked 
|  85|0x000000070e200000, 0x000000070e200000, 0x000000070e400000|  0%| F|  |TAMS 0x000000070e200000, 0x000000070e200000| Untracked 
|  86|0x000000070e400000, 0x000000070e400000, 0x000000070e600000|  0%| F|  |TAMS 0x000000070e400000, 0x000000070e400000| Untracked 
|  87|0x000000070e600000, 0x000000070e600000, 0x000000070e800000|  0%| F|  |TAMS 0x000000070e600000, 0x000000070e600000| Untracked 
|  88|0x000000070e800000, 0x000000070e800000, 0x000000070ea00000|  0%| F|  |TAMS 0x000000070e800000, 0x000000070e800000| Untracked 
|  89|0x000000070ea00000, 0x000000070ea00000, 0x000000070ec00000|  0%| F|  |TAMS 0x000000070ea00000, 0x000000070ea00000| Untracked 
|  90|0x000000070ec00000, 0x000000070ec00000, 0x000000070ee00000|  0%| F|  |TAMS 0x000000070ec00000, 0x000000070ec00000| Untracked 
|  91|0x000000070ee00000, 0x000000070ee00000, 0x000000070f000000|  0%| F|  |TAMS 0x000000070ee00000, 0x000000070ee00000| Untracked 
|  92|0x000000070f000000, 0x000000070f000000, 0x000000070f200000|  0%| F|  |TAMS 0x000000070f000000, 0x000000070f000000| Untracked 
|  93|0x000000070f200000, 0x000000070f200000, 0x000000070f400000|  0%| F|  |TAMS 0x000000070f200000, 0x000000070f200000| Untracked 
|  94|0x000000070f400000, 0x000000070f400000, 0x000000070f600000|  0%| F|  |TAMS 0x000000070f400000, 0x000000070f400000| Untracked 
|  95|0x000000070f600000, 0x000000070f600000, 0x000000070f800000|  0%| F|  |TAMS 0x000000070f600000, 0x000000070f600000| Untracked 
|  96|0x000000070f800000, 0x000000070f800000, 0x000000070fa00000|  0%| F|  |TAMS 0x000000070f800000, 0x000000070f800000| Untracked 
|  97|0x000000070fa00000, 0x000000070fa00000, 0x000000070fc00000|  0%| F|  |TAMS 0x000000070fa00000, 0x000000070fa00000| Untracked 
|  98|0x000000070fc00000, 0x000000070fc00000, 0x000000070fe00000|  0%| F|  |TAMS 0x000000070fc00000, 0x000000070fc00000| Untracked 
|  99|0x000000070fe00000, 0x000000070fe00000, 0x0000000710000000|  0%| F|  |TAMS 0x000000070fe00000, 0x000000070fe00000| Untracked 
| 100|0x0000000710000000, 0x0000000710000000, 0x0000000710200000|  0%| F|  |TAMS 0x0000000710000000, 0x0000000710000000| Untracked 
| 101|0x0000000710200000, 0x0000000710200000, 0x0000000710400000|  0%| F|  |TAMS 0x0000000710200000, 0x0000000710200000| Untracked 
| 102|0x0000000710400000, 0x0000000710400000, 0x0000000710600000|  0%| F|  |TAMS 0x0000000710400000, 0x0000000710400000| Untracked 
| 103|0x0000000710600000, 0x0000000710600000, 0x0000000710800000|  0%| F|  |TAMS 0x0000000710600000, 0x0000000710600000| Untracked 
| 104|0x0000000710800000, 0x0000000710800000, 0x0000000710a00000|  0%| F|  |TAMS 0x0000000710800000, 0x0000000710800000| Untracked 
| 105|0x0000000710a00000, 0x0000000710a00000, 0x0000000710c00000|  0%| F|  |TAMS 0x0000000710a00000, 0x0000000710a00000| Untracked 
| 106|0x0000000710c00000, 0x0000000710c00000, 0x0000000710e00000|  0%| F|  |TAMS 0x0000000710c00000, 0x0000000710c00000| Untracked 
| 107|0x0000000710e00000, 0x0000000710e00000, 0x0000000711000000|  0%| F|  |TAMS 0x0000000710e00000, 0x0000000710e00000| Untracked 
| 108|0x0000000711000000, 0x0000000711000000, 0x0000000711200000|  0%| F|  |TAMS 0x0000000711000000, 0x0000000711000000| Untracked 
| 109|0x0000000711200000, 0x0000000711200000, 0x0000000711400000|  0%| F|  |TAMS 0x0000000711200000, 0x0000000711200000| Untracked 
| 110|0x0000000711400000, 0x0000000711400000, 0x0000000711600000|  0%| F|  |TAMS 0x0000000711400000, 0x0000000711400000| Untracked 
| 111|0x0000000711600000, 0x0000000711600000, 0x0000000711800000|  0%| F|  |TAMS 0x0000000711600000, 0x0000000711600000| Untracked 
| 112|0x0000000711800000, 0x0000000711800000, 0x0000000711a00000|  0%| F|  |TAMS 0x0000000711800000, 0x0000000711800000| Untracked 
| 113|0x0000000711a00000, 0x0000000711a00000, 0x0000000711c00000|  0%| F|  |TAMS 0x0000000711a00000, 0x0000000711a00000| Untracked 
| 114|0x0000000711c00000, 0x0000000711c00000, 0x0000000711e00000|  0%| F|  |TAMS 0x0000000711c00000, 0x0000000711c00000| Untracked 
| 115|0x0000000711e00000, 0x0000000711e00000, 0x0000000712000000|  0%| F|  |TAMS 0x0000000711e00000, 0x0000000711e00000| Untracked 
| 116|0x0000000712000000, 0x0000000712000000, 0x0000000712200000|  0%| F|  |TAMS 0x0000000712000000, 0x0000000712000000| Untracked 
| 117|0x0000000712200000, 0x0000000712200000, 0x0000000712400000|  0%| F|  |TAMS 0x0000000712200000, 0x0000000712200000| Untracked 
| 118|0x0000000712400000, 0x00000007124e2bc0, 0x0000000712600000| 44%| E|  |TAMS 0x0000000712400000, 0x0000000712400000| Complete 
| 119|0x0000000712600000, 0x0000000712800000, 0x0000000712800000|100%| E|CS|TAMS 0x0000000712600000, 0x0000000712600000| Complete 
| 120|0x0000000712800000, 0x0000000712a00000, 0x0000000712a00000|100%| E|CS|TAMS 0x0000000712800000, 0x0000000712800000| Complete 
| 121|0x0000000712a00000, 0x0000000712c00000, 0x0000000712c00000|100%| E|CS|TAMS 0x0000000712a00000, 0x0000000712a00000| Complete 
| 122|0x0000000712c00000, 0x0000000712e00000, 0x0000000712e00000|100%| E|CS|TAMS 0x0000000712c00000, 0x0000000712c00000| Complete 
| 123|0x0000000712e00000, 0x0000000713000000, 0x0000000713000000|100%| E|CS|TAMS 0x0000000712e00000, 0x0000000712e00000| Complete 
| 124|0x0000000713000000, 0x0000000713200000, 0x0000000713200000|100%| E|CS|TAMS 0x0000000713000000, 0x0000000713000000| Complete 
| 125|0x0000000713200000, 0x0000000713400000, 0x0000000713400000|100%| E|CS|TAMS 0x0000000713200000, 0x0000000713200000| Complete 
| 126|0x0000000713400000, 0x0000000713600000, 0x0000000713600000|100%| E|CS|TAMS 0x0000000713400000, 0x0000000713400000| Complete 

Card table byte_map: [0x000001c123c80000,0x000001c124470000] _byte_map_base: 0x000001c120464000

Marking Bits (Prev, Next): (CMBitMap*) 0x000001c10c8836f0, (CMBitMap*) 0x000001c10c883730
 Prev Bits: [0x000001c124c60000, 0x000001c128b80000)
 Next Bits: [0x000001c128b80000, 0x000001c12caa0000)

Polling page: 0x000001c10bfe0000

Metaspace:

Usage:
  Non-class:      1.83 MB used.
      Class:    174.27 KB used.
       Both:      2.00 MB used.

Virtual space:
  Non-class space:       64.00 MB reserved,       1.88 MB (  3%) committed,  1 nodes.
      Class space:        1.00 GB reserved,     256.00 KB ( <1%) committed,  1 nodes.
             Both:        1.06 GB reserved,       2.12 MB ( <1%) committed. 

Chunk freelists:
   Non-Class:  3.25 MB
       Class:  3.65 MB
        Both:  6.90 MB

MaxMetaspaceSize: unlimited
CompressedClassSpaceSize: 1.00 GB
Initial GC threshold: 21.00 MB
Current GC threshold: 21.00 MB
CDS: on
MetaspaceReclaimPolicy: balanced
 - commit_granule_bytes: 65536.
 - commit_granule_words: 8192.
 - virtual_space_node_default_size: 8388608.
 - enlarge_chunks_in_place: 1.
 - new_chunks_are_fully_committed: 0.
 - uncommit_free_chunks: 1.
 - use_allocation_guard: 0.


Internal statistics:

num_allocs_failed_limit: 0.
num_arena_births: 38.
num_arena_deaths: 0.
num_vsnodes_births: 2.
num_vsnodes_deaths: 0.
num_space_committed: 34.
num_space_uncommitted: 0.
num_chunks_returned_to_freelist: 0.
num_chunks_taken_from_freelist: 77.
num_chunk_merges: 0.
num_chunk_splits: 56.
num_chunks_enlarged: 39.
num_inconsistent_stats: 0.

CodeHeap 'non-profiled nmethods': size=120000Kb used=434Kb max_used=434Kb free=119565Kb
 bounds [0x000001c11bc20000, 0x000001c11be90000, 0x000001c123150000]
CodeHeap 'profiled nmethods': size=120000Kb used=1225Kb max_used=1225Kb free=118774Kb
 bounds [0x000001c1146f0000, 0x000001c114960000, 0x000001c11bc20000]
CodeHeap 'non-nmethods': size=5760Kb used=1175Kb max_used=1189Kb free=4584Kb
 bounds [0x000001c114150000, 0x000001c1143c0000, 0x000001c1146f0000]
 total_blobs=1204 nmethods=760 adapters=357
 compilation: enabled
              stopped_count=0, restarted_count=0
 full_count=0

Compilation events (20 events):
Event: 2.205 Thread 0x000001c12f4c4570  745       3       com.raylib.Raylib$Rectangle::<init> (13 bytes)
Event: 2.206 Thread 0x000001c12f4c4570 nmethod 745 0x000001c11481dc10 code [0x000001c11481ddc0, 0x000001c11481df58]
Event: 2.255 Thread 0x000001c12f4c4570  751       3       java.util.ArrayDeque$DeqIterator::hasNext (13 bytes)
Event: 2.255 Thread 0x000001c12f4b9b30  752       4       java.util.ArrayList::get (15 bytes)
Event: 2.256 Thread 0x000001c12f4c4570 nmethod 751 0x000001c11481e010 code [0x000001c11481e1a0, 0x000001c11481e318]
Event: 2.257 Thread 0x000001c12f4b9b30 nmethod 752 0x000001c11bc8c390 code [0x000001c11bc8c500, 0x000001c11bc8c5f8]
Event: 2.339 Thread 0x000001c12f4c4570  753       3       org.bytedeco.javacpp.Pointer::sizeof (26 bytes)
Event: 2.340 Thread 0x000001c12f4c4570 nmethod 753 0x000001c11481e390 code [0x000001c11481e560, 0x000001c11481e928]
Event: 2.340 Thread 0x000001c12f4c4570  759       3       org.bytedeco.javacpp.Pointer$DeallocatorReference::<init> (69 bytes)
Event: 2.341 Thread 0x000001c12f4c4570 nmethod 759 0x000001c11481ea10 code [0x000001c11481ec40, 0x000001c11481f748]
Event: 2.341 Thread 0x000001c12f4c4570  754   !   3       org.bytedeco.javacpp.Pointer::offsetof (27 bytes)
Event: 2.341 Thread 0x000001c12f4c4570 nmethod 754 0x000001c11481fa90 code [0x000001c11481fc40, 0x000001c11481fe48]
Event: 2.341 Thread 0x000001c12f4c4570  755       3       org.bytedeco.javacpp.Loader::offsetof (59 bytes)
Event: 2.342 Thread 0x000001c12f4c4570 nmethod 755 0x000001c11481ff10 code [0x000001c114820160, 0x000001c114820a38]
Event: 2.342 Thread 0x000001c12f4c4570  757   !   3       org.bytedeco.javacpp.Pointer$DeallocatorReference::add (82 bytes)
Event: 2.342 Thread 0x000001c12f4c4570 nmethod 757 0x000001c114820d90 code [0x000001c114820f60, 0x000001c114821558]
Event: 2.342 Thread 0x000001c12f4c4570  758       3       org.bytedeco.javacpp.PointerScope::getScopeIterator (15 bytes)
Event: 2.342 Thread 0x000001c12f4c4570 nmethod 758 0x000001c114821690 code [0x000001c114821860, 0x000001c114821c78]
Event: 2.372 Thread 0x000001c12f4c4570  760       3       org.bytedeco.javacpp.Pointer::<init> (86 bytes)
Event: 2.373 Thread 0x000001c12f4c4570 nmethod 760 0x000001c114821e10 code [0x000001c114821fc0, 0x000001c114822328]

GC Heap History (0 events):
No events

Deoptimization events (20 events):
Event: 1.224 Thread 0x000001c10c816410 Uncommon trap: trap_request=0xffffff45 fr.pc=0x000001c11bc43994 relative=0x0000000000000274
Event: 1.224 Thread 0x000001c10c816410 Uncommon trap: reason=unstable_if action=reinterpret pc=0x000001c11bc43994 method=sun.net.www.ParseUtil.firstEncodeIndex(Ljava/lang/String;)I @ 51 c2
Event: 1.224 Thread 0x000001c10c816410 DEOPT PACKING pc=0x000001c11bc43994 sp=0x000000841a4fd6e0
Event: 1.224 Thread 0x000001c10c816410 DEOPT UNPACKING pc=0x000001c1141a5c23 sp=0x000000841a4fd668 mode 2
Event: 1.224 Thread 0x000001c10c816410 Uncommon trap: trap_request=0xffffff45 fr.pc=0x000001c11bc64d3c relative=0x000000000000151c
Event: 1.224 Thread 0x000001c10c816410 Uncommon trap: reason=unstable_if action=reinterpret pc=0x000001c11bc64d3c method=java.net.URL.<init>(Ljava/net/URL;Ljava/lang/String;Ljava/net/URLStreamHandler;)V @ 273 c2
Event: 1.224 Thread 0x000001c10c816410 DEOPT PACKING pc=0x000001c11bc64d3c sp=0x000000841a4fd600
Event: 1.224 Thread 0x000001c10c816410 DEOPT UNPACKING pc=0x000001c1141a5c23 sp=0x000000841a4fd5a0 mode 2
Event: 1.232 Thread 0x000001c10c816410 Uncommon trap: trap_request=0xffffff45 fr.pc=0x000001c11bc41b68 relative=0x0000000000000248
Event: 1.232 Thread 0x000001c10c816410 Uncommon trap: reason=unstable_if action=reinterpret pc=0x000001c11bc41b68 method=sun.net.www.ParseUtil.firstEncodeIndex(Ljava/lang/String;)I @ 51 c2
Event: 1.232 Thread 0x000001c10c816410 DEOPT PACKING pc=0x000001c11bc41b68 sp=0x000000841a4fa290
Event: 1.232 Thread 0x000001c10c816410 DEOPT UNPACKING pc=0x000001c1141a5c23 sp=0x000000841a4fa238 mode 2
Event: 1.239 Thread 0x000001c10c816410 Uncommon trap: trap_request=0xffffff45 fr.pc=0x000001c11bc5b998 relative=0x0000000000003df8
Event: 1.239 Thread 0x000001c10c816410 Uncommon trap: reason=unstable_if action=reinterpret pc=0x000001c11bc5b998 method=sun.net.www.ParseUtil.firstEncodeIndex(Ljava/lang/String;)I @ 51 c2
Event: 1.239 Thread 0x000001c10c816410 DEOPT PACKING pc=0x000001c11bc5b998 sp=0x000000841a4fd680
Event: 1.239 Thread 0x000001c10c816410 DEOPT UNPACKING pc=0x000001c1141a5c23 sp=0x000000841a4fd398 mode 2
Event: 1.239 Thread 0x000001c10c816410 Uncommon trap: trap_request=0xffffff45 fr.pc=0x000001c11bc6d63c relative=0x0000000000003c9c
Event: 1.239 Thread 0x000001c10c816410 Uncommon trap: reason=unstable_if action=reinterpret pc=0x000001c11bc6d63c method=sun.net.www.ParseUtil.firstEncodeIndex(Ljava/lang/String;)I @ 51 c2
Event: 1.239 Thread 0x000001c10c816410 DEOPT PACKING pc=0x000001c11bc6d63c sp=0x000000841a4fd610
Event: 1.239 Thread 0x000001c10c816410 DEOPT UNPACKING pc=0x000001c1141a5c23 sp=0x000000841a4fd390 mode 2

Classes loaded (20 events):
Event: 1.292 Loading class java/time/zone/TzdbZoneRulesProvider
Event: 1.292 Loading class java/time/zone/TzdbZoneRulesProvider done
Event: 1.300 Loading class java/time/zone/Ser
Event: 1.300 Loading class java/io/Externalizable
Event: 1.300 Loading class java/io/Externalizable done
Event: 1.300 Loading class java/time/zone/Ser done
Event: 1.301 Loading class java/time/Month
Event: 1.301 Loading class java/time/Month done
Event: 1.301 Loading class java/time/DayOfWeek
Event: 1.302 Loading class java/time/DayOfWeek done
Event: 1.302 Loading class java/time/zone/ZoneOffsetTransitionRule$TimeDefinition
Event: 1.302 Loading class java/time/zone/ZoneOffsetTransitionRule$TimeDefinition done
Event: 1.302 Loading class java/time/zone/ZoneOffsetTransition
Event: 1.302 Loading class java/time/zone/ZoneOffsetTransition done
Event: 1.302 Loading class java/time/temporal/TemporalAdjusters
Event: 1.303 Loading class java/time/temporal/TemporalAdjusters done
Event: 1.305 Loading class java/time/zone/ZoneOffsetTransitionRule$1
Event: 1.306 Loading class java/time/zone/ZoneOffsetTransitionRule$1 done
Event: 1.306 Loading class java/util/concurrent/TimeUnit$1
Event: 1.306 Loading class java/util/concurrent/TimeUnit$1 done

Classes unloaded (0 events):
No events

Classes redefined (0 events):
No events

Internal exceptions (7 events):
Event: 0.146 Thread 0x000001c10c816410 Exception <a 'java/lang/NoSuchMethodError'{0x00000007132053d8}: 'int java.lang.invoke.DirectMethodHandle$Holder.invokeStaticInit(java.lang.Object, java.lang.Object, java.lang.Object, java.lang.Object)'> (0x00000007132053d8) 
thrown [s\open\src\hotspot\share\interpreter\linkResolver.cpp, line 766]
Event: 0.149 Thread 0x000001c10c816410 Exception <a 'java/lang/NoSuchMethodError'{0x0000000713210010}: 'java.lang.Object java.lang.invoke.DirectMethodHandle$Holder.invokeInterface(java.lang.Object, java.lang.Object)'> (0x0000000713210010) 
thrown [s\open\src\hotspot\share\interpreter\linkResolver.cpp, line 766]
Event: 0.150 Thread 0x000001c10c816410 Exception <a 'java/lang/IncompatibleClassChangeError'{0x00000007132135f8}: Found class java.lang.Object, but interface was expected> (0x00000007132135f8) 
thrown [s\open\src\hotspot\share\interpreter\linkResolver.cpp, line 833]
Event: 0.152 Thread 0x000001c10c816410 Exception <a 'java/lang/NoSuchMethodError'{0x0000000713216848}: 'void java.lang.invoke.DirectMethodHandle$Holder.invokeStatic(java.lang.Object, java.lang.Object)'> (0x0000000713216848) 
thrown [s\open\src\hotspot\share\interpreter\linkResolver.cpp, line 766]
Event: 0.153 Thread 0x000001c10c816410 Exception <a 'java/lang/NoSuchMethodError'{0x0000000713219eb0}: 'void java.lang.invoke.DirectMethodHandle$Holder.invokeStaticInit(java.lang.Object, java.lang.Object)'> (0x0000000713219eb0) 
thrown [s\open\src\hotspot\share\interpreter\linkResolver.cpp, line 766]
Event: 0.155 Thread 0x000001c10c816410 Exception <a 'java/lang/NoSuchMethodError'{0x00000007132206c8}: 'int java.lang.invoke.DirectMethodHandle$Holder.invokeStaticInit(java.lang.Object, java.lang.Object)'> (0x00000007132206c8) 
thrown [s\open\src\hotspot\share\interpreter\linkResolver.cpp, line 766]
Event: 1.303 Thread 0x000001c10c816410 Exception <a 'java/lang/NoSuchMethodError'{0x00000007127a2060}: 'java.lang.Object java.lang.invoke.DirectMethodHandle$Holder.invokeStatic(java.lang.Object, int, java.lang.Object)'> (0x00000007127a2060) 
thrown [s\open\src\hotspot\share\interpreter\linkResolver.cpp, line 766]

VM Operations (8 events):
Event: 0.108 Executing VM operation: HandshakeAllThreads
Event: 0.108 Executing VM operation: HandshakeAllThreads done
Event: 0.231 Executing VM operation: HandshakeAllThreads
Event: 0.231 Executing VM operation: HandshakeAllThreads done
Event: 1.242 Executing VM operation: Cleanup
Event: 1.242 Executing VM operation: Cleanup done
Event: 2.245 Executing VM operation: Cleanup
Event: 2.245 Executing VM operation: Cleanup done

Events (20 events):
Event: 0.838 Thread 0x000001c133ab0e10 Thread added: 0x000001c133ab0e10
Event: 0.876 Loaded shared library C:\Program Files (x86)\Windows Kits\10\Redist\ucrt\DLLs\x64\api-ms-win-core-memory-l1-1-0.dll
Event: 0.901 Loaded shared library C:\Program Files (x86)\Windows Kits\10\Redist\ucrt\DLLs\x64\api-ms-win-core-util-l1-1-0.dll
Event: 0.913 Thread 0x000001c134b3e7b0 Thread added: 0x000001c134b3e7b0
Event: 0.929 Loaded shared library C:\Program Files (x86)\Windows Kits\10\Redist\ucrt\DLLs\x64\api-ms-win-core-interlocked-l1-1-0.dll
Event: 0.983 Loaded shared library C:\Program Files (x86)\Windows Kits\10\Redist\ucrt\DLLs\x64\ucrtbase.dll
Event: 1.071 Loaded shared library C:\Program Files\Java\jdk-18.0.1.1\bin\vcruntime140.dll
Event: 1.096 Loaded shared library C:\Program Files\Java\jdk-18.0.1.1\bin\vcruntime140_1.dll
Event: 1.116 Loaded shared library C:\Program Files\Java\jdk-18.0.1.1\bin\msvcp140.dll
Event: 1.139 Loaded shared library C:\Windows\System32\msvcp140_1.dll
Event: 1.168 Loaded shared library C:\Windows\System32\concrt140.dll
Event: 1.190 Loaded shared library C:\Windows\System32\vcomp140.dll
Event: 1.238 Loaded shared library C:\Windows\System32\winmm.dll
Event: 1.243 Loaded shared library C:\Windows\System32\opengl32.dll
Event: 1.245 Loaded shared library C:\Windows\System32\user32.dll
Event: 1.248 Loaded shared library C:\Windows\System32\shell32.dll
Event: 1.251 Loaded shared library C:\Windows\System32\gdi32.dll
Event: 1.310 Loaded shared library C:\Users\aliens\.javacpp\cache\jaylib-4.2.0-1.jar\com\raylib\windows-x86_64\jniRaylib.dll
Event: 1.837 Thread 0x000001c134b3e7b0 Thread exited: 0x000001c134b3e7b0
Event: 1.972 Thread 0x000001c133ab0e10 Thread exited: 0x000001c133ab0e10


Dynamic libraries:
0x00007ff6d0510000 - 0x00007ff6d0520000 	C:\Program Files\Java\jdk-18.0.1.1\bin\java.exe
0x00007ffda5610000 - 0x00007ffda5808000 	C:\WINDOWS\SYSTEM32\ntdll.dll
0x00007ffda36a0000 - 0x00007ffda375f000 	C:\WINDOWS\System32\KERNEL32.DLL
0x00007ffda3160000 - 0x00007ffda343a000 	C:\WINDOWS\System32\KERNELBASE.dll
0x00007ffda2e10000 - 0x00007ffda2f10000 	C:\WINDOWS\System32\ucrtbase.dll
0x00007ffd8e000000 - 0x00007ffd8e018000 	C:\Program Files\Java\jdk-18.0.1.1\bin\jli.dll
0x00007ffd96e80000 - 0x00007ffd96e9a000 	C:\Program Files\Java\jdk-18.0.1.1\bin\VCRUNTIME140.dll
0x00007ffda5090000 - 0x00007ffda513e000 	C:\WINDOWS\System32\ADVAPI32.dll
0x00007ffda3d10000 - 0x00007ffda3dae000 	C:\WINDOWS\System32\msvcrt.dll
0x00007ffda53d0000 - 0x00007ffda546c000 	C:\WINDOWS\System32\sechost.dll
0x00007ffda4990000 - 0x00007ffda4ab6000 	C:\WINDOWS\System32\RPCRT4.dll
0x00007ffda47f0000 - 0x00007ffda498d000 	C:\WINDOWS\System32\USER32.dll
0x00007ffda3440000 - 0x00007ffda3462000 	C:\WINDOWS\System32\win32u.dll
0x00007ffda3670000 - 0x00007ffda369b000 	C:\WINDOWS\System32\GDI32.dll
0x00007ffda2fc0000 - 0x00007ffda30d0000 	C:\WINDOWS\System32\gdi32full.dll
0x00007ffda3470000 - 0x00007ffda350d000 	C:\WINDOWS\System32\msvcp_win.dll
0x00007ffd9b740000 - 0x00007ffd9b74a000 	C:\WINDOWS\SYSTEM32\VERSION.dll
0x00007ffd8da00000 - 0x00007ffd8dc9a000 	C:\WINDOWS\WinSxS\amd64_microsoft.windows.common-controls_6595b64144ccf1df_6.0.19041.1110_none_60b5254171f9507e\COMCTL32.dll
0x00007ffda5140000 - 0x00007ffda5170000 	C:\WINDOWS\System32\IMM32.DLL
0x00007ffd96e60000 - 0x00007ffd96e6c000 	C:\Program Files\Java\jdk-18.0.1.1\bin\vcruntime140_1.dll
0x00007ffd79aa0000 - 0x00007ffd79b2d000 	C:\Program Files\Java\jdk-18.0.1.1\bin\msvcp140.dll
0x00007ffd3e170000 - 0x00007ffd3ed80000 	C:\Program Files\Java\jdk-18.0.1.1\bin\server\jvm.dll
0x00007ffda5470000 - 0x00007ffda5478000 	C:\WINDOWS\System32\PSAPI.DLL
0x00007ffd88930000 - 0x00007ffd88939000 	C:\WINDOWS\SYSTEM32\WSOCK32.dll
0x00007ffda5560000 - 0x00007ffda55cb000 	C:\WINDOWS\System32\WS2_32.dll
0x00007ffd7e6d0000 - 0x00007ffd7e6f7000 	C:\WINDOWS\SYSTEM32\WINMM.dll
0x00007ffda0aa0000 - 0x00007ffda0ab2000 	C:\WINDOWS\SYSTEM32\kernel.appcore.dll
0x00007ffd96cc0000 - 0x00007ffd96cca000 	C:\Program Files\Java\jdk-18.0.1.1\bin\jimage.dll
0x00007ffd9cf70000 - 0x00007ffd9d154000 	C:\WINDOWS\SYSTEM32\DBGHELP.DLL
0x00007ffd84ad0000 - 0x00007ffd84b04000 	C:\WINDOWS\SYSTEM32\dbgcore.DLL
0x00007ffda30d0000 - 0x00007ffda3152000 	C:\WINDOWS\System32\bcryptPrimitives.dll
0x00007ffd83750000 - 0x00007ffd83775000 	C:\Program Files\Java\jdk-18.0.1.1\bin\java.dll
0x00007ffd77cf0000 - 0x00007ffd77dc6000 	C:\Program Files\Java\jdk-18.0.1.1\bin\jsvml.dll
0x00007ffda3ee0000 - 0x00007ffda4624000 	C:\WINDOWS\System32\SHELL32.dll
0x00007ffda0da0000 - 0x00007ffda1533000 	C:\WINDOWS\SYSTEM32\windows.storage.dll
0x00007ffda4bb0000 - 0x00007ffda4f04000 	C:\WINDOWS\System32\combase.dll
0x00007ffda26a0000 - 0x00007ffda26ce000 	C:\WINDOWS\SYSTEM32\Wldp.dll
0x00007ffda3e30000 - 0x00007ffda3edd000 	C:\WINDOWS\System32\SHCORE.dll
0x00007ffda3cb0000 - 0x00007ffda3d05000 	C:\WINDOWS\System32\shlwapi.dll
0x00007ffda2c60000 - 0x00007ffda2c7f000 	C:\WINDOWS\SYSTEM32\profapi.dll
0x00007ffd8b930000 - 0x00007ffd8b943000 	C:\Program Files\Java\jdk-18.0.1.1\bin\net.dll
0x00007ffd9d180000 - 0x00007ffd9d28a000 	C:\WINDOWS\SYSTEM32\WINHTTP.dll
0x00007ffda2480000 - 0x00007ffda24ea000 	C:\WINDOWS\system32\mswsock.dll
0x00007ffd8b7d0000 - 0x00007ffd8b7e6000 	C:\Program Files\Java\jdk-18.0.1.1\bin\nio.dll
0x00007ffd847d0000 - 0x00007ffd847e8000 	C:\Program Files\Java\jdk-18.0.1.1\bin\zip.dll
0x000001c12f630000 - 0x000001c12f633000 	C:\Program Files (x86)\Windows Kits\10\Redist\ucrt\DLLs\x64\api-ms-win-crt-locale-l1-1-0.dll
0x000001c12f640000 - 0x000001c12f644000 	C:\Program Files (x86)\Windows Kits\10\Redist\ucrt\DLLs\x64\api-ms-win-crt-string-l1-1-0.dll
0x000001c12f650000 - 0x000001c12f654000 	C:\Program Files (x86)\Windows Kits\10\Redist\ucrt\DLLs\x64\api-ms-win-crt-stdio-l1-1-0.dll
0x000001c12f660000 - 0x000001c12f665000 	C:\Program Files (x86)\Windows Kits\10\Redist\ucrt\DLLs\x64\api-ms-win-crt-math-l1-1-0.dll
0x000001c12f670000 - 0x000001c12f673000 	C:\Program Files (x86)\Windows Kits\10\Redist\ucrt\DLLs\x64\api-ms-win-crt-heap-l1-1-0.dll
0x000001c12f680000 - 0x000001c12f684000 	C:\Program Files (x86)\Windows Kits\10\Redist\ucrt\DLLs\x64\api-ms-win-crt-runtime-l1-1-0.dll
0x000001c12f690000 - 0x000001c12f694000 	C:\Program Files (x86)\Windows Kits\10\Redist\ucrt\DLLs\x64\api-ms-win-crt-convert-l1-1-0.dll
0x000001c12f6a0000 - 0x000001c12f6a3000 	C:\Program Files (x86)\Windows Kits\10\Redist\ucrt\DLLs\x64\api-ms-win-crt-environment-l1-1-0.dll
0x000001c12f6b0000 - 0x000001c12f6b3000 	C:\Program Files (x86)\Windows Kits\10\Redist\ucrt\DLLs\x64\api-ms-win-crt-time-l1-1-0.dll
0x000001c12f6c0000 - 0x000001c12f6c3000 	C:\Program Files (x86)\Windows Kits\10\Redist\ucrt\DLLs\x64\api-ms-win-crt-filesystem-l1-1-0.dll
0x000001c12f6d0000 - 0x000001c12f6d3000 	C:\Program Files (x86)\Windows Kits\10\Redist\ucrt\DLLs\x64\api-ms-win-crt-utility-l1-1-0.dll
0x000001c12f6e0000 - 0x000001c12f6e5000 	C:\Program Files (x86)\Windows Kits\10\Redist\ucrt\DLLs\x64\api-ms-win-crt-multibyte-l1-1-0.dll
0x000001c12f6f0000 - 0x000001c12f6f3000 	C:\Program Files (x86)\Windows Kits\10\Redist\ucrt\DLLs\x64\api-ms-win-crt-conio-l1-1-0.dll
0x000001c12f700000 - 0x000001c12f70f000 	C:\Program Files (x86)\Windows Kits\10\Redist\ucrt\DLLs\x64\api-ms-win-crt-private-l1-1-0.dll
0x000001c12f710000 - 0x000001c12f713000 	C:\Program Files (x86)\Windows Kits\10\Redist\ucrt\DLLs\x64\api-ms-win-crt-process-l1-1-0.dll
0x000001c12f720000 - 0x000001c12f723000 	C:\Program Files\Java\jdk-18.0.1.1\bin\api-ms-win-core-console-l1-2-0.dll
0x000001c12f730000 - 0x000001c12f733000 	C:\Program Files (x86)\Windows Kits\10\Redist\ucrt\DLLs\x64\api-ms-win-core-string-l1-1-0.dll
0x000001c12f740000 - 0x000001c12f743000 	C:\Program Files (x86)\Windows Kits\10\Redist\ucrt\DLLs\x64\api-ms-win-core-errorhandling-l1-1-0.dll
0x000001c12f750000 - 0x000001c12f753000 	C:\Program Files (x86)\Windows Kits\10\Redist\ucrt\DLLs\x64\api-ms-win-core-timezone-l1-1-0.dll
0x000001c12f760000 - 0x000001c12f764000 	C:\Program Files (x86)\Windows Kits\10\Redist\ucrt\DLLs\x64\api-ms-win-core-file-l1-1-0.dll
0x000001c12f770000 - 0x000001c12f773000 	C:\Program Files (x86)\Windows Kits\10\Redist\ucrt\DLLs\x64\api-ms-win-core-namedpipe-l1-1-0.dll
0x000001c12f780000 - 0x000001c12f783000 	C:\Program Files (x86)\Windows Kits\10\Redist\ucrt\DLLs\x64\api-ms-win-core-handle-l1-1-0.dll
0x000001c12f790000 - 0x000001c12f793000 	C:\Program Files (x86)\Windows Kits\10\Redist\ucrt\DLLs\x64\api-ms-win-core-file-l2-1-0.dll
0x000001c12f7a0000 - 0x000001c12f7a3000 	C:\Program Files (x86)\Windows Kits\10\Redist\ucrt\DLLs\x64\api-ms-win-core-heap-l1-1-0.dll
0x000001c12f7b0000 - 0x000001c12f7b3000 	C:\Program Files (x86)\Windows Kits\10\Redist\ucrt\DLLs\x64\api-ms-win-core-libraryloader-l1-1-0.dll
0x000001c12f7c0000 - 0x000001c12f7c3000 	C:\Program Files (x86)\Windows Kits\10\Redist\ucrt\DLLs\x64\api-ms-win-core-synch-l1-1-0.dll
0x000001c12f7d0000 - 0x000001c12f7d3000 	C:\Program Files (x86)\Windows Kits\10\Redist\ucrt\DLLs\x64\api-ms-win-core-processthreads-l1-1-0.dll
0x000001c12f7e0000 - 0x000001c12f7e3000 	C:\Program Files (x86)\Windows Kits\10\Redist\ucrt\DLLs\x64\api-ms-win-core-processenvironment-l1-1-0.dll
0x000001c12f7f0000 - 0x000001c12f7f3000 	C:\Program Files (x86)\Windows Kits\10\Redist\ucrt\DLLs\x64\api-ms-win-core-datetime-l1-1-0.dll
0x000001c134400000 - 0x000001c134403000 	C:\Program Files (x86)\Windows Kits\10\Redist\ucrt\DLLs\x64\api-ms-win-core-localization-l1-2-0.dll
0x000001c134410000 - 0x000001c134413000 	C:\Program Files (x86)\Windows Kits\10\Redist\ucrt\DLLs\x64\api-ms-win-core-sysinfo-l1-1-0.dll
0x000001c134420000 - 0x000001c134423000 	C:\Program Files (x86)\Windows Kits\10\Redist\ucrt\DLLs\x64\api-ms-win-core-synch-l1-2-0.dll
0x000001c134430000 - 0x000001c134433000 	C:\Program Files (x86)\Windows Kits\10\Redist\ucrt\DLLs\x64\api-ms-win-core-console-l1-1-0.dll
0x000001c134440000 - 0x000001c134443000 	C:\Program Files (x86)\Windows Kits\10\Redist\ucrt\DLLs\x64\api-ms-win-core-debug-l1-1-0.dll
0x000001c134450000 - 0x000001c134453000 	C:\Program Files (x86)\Windows Kits\10\Redist\ucrt\DLLs\x64\api-ms-win-core-rtlsupport-l1-1-0.dll
0x000001c134460000 - 0x000001c134463000 	C:\Program Files (x86)\Windows Kits\10\Redist\ucrt\DLLs\x64\api-ms-win-core-processthreads-l1-1-1.dll
0x000001c134470000 - 0x000001c134473000 	C:\Program Files (x86)\Windows Kits\10\Redist\ucrt\DLLs\x64\api-ms-win-core-file-l1-2-0.dll
0x000001c135450000 - 0x000001c135453000 	C:\Program Files (x86)\Windows Kits\10\Redist\ucrt\DLLs\x64\api-ms-win-core-profile-l1-1-0.dll
0x000001c135460000 - 0x000001c135463000 	C:\Program Files (x86)\Windows Kits\10\Redist\ucrt\DLLs\x64\api-ms-win-core-memory-l1-1-0.dll
0x000001c135470000 - 0x000001c135473000 	C:\Program Files (x86)\Windows Kits\10\Redist\ucrt\DLLs\x64\api-ms-win-core-util-l1-1-0.dll
0x000001c135480000 - 0x000001c135483000 	C:\Program Files (x86)\Windows Kits\10\Redist\ucrt\DLLs\x64\api-ms-win-core-interlocked-l1-1-0.dll
0x00007ffd33a60000 - 0x00007ffd33b52000 	C:\Program Files (x86)\Windows Kits\10\Redist\ucrt\DLLs\x64\ucrtbase.dll
0x00007ffd95f70000 - 0x00007ffd95f79000 	C:\Windows\System32\msvcp140_1.dll
0x00007ffd8de60000 - 0x00007ffd8deae000 	C:\Windows\System32\concrt140.dll
0x00007ffd5c170000 - 0x00007ffd5c1a1000 	C:\Windows\System32\vcomp140.dll
0x00007ffd688a0000 - 0x00007ffd689c5000 	C:\Windows\System32\opengl32.dll
0x00007ffd8b7a0000 - 0x00007ffd8b7cc000 	C:\WINDOWS\SYSTEM32\GLU32.dll
0x00007ffd27650000 - 0x00007ffd27882000 	C:\Users\aliens\.javacpp\cache\jaylib-4.2.0-1.jar\com\raylib\windows-x86_64\jniRaylib.dll
0x00007ffda05c0000 - 0x00007ffda065e000 	C:\WINDOWS\system32\uxtheme.dll
0x00007ffd51df0000 - 0x00007ffd51e35000 	C:\WINDOWS\SYSTEM32\dinput8.dll
0x00007ffd7d310000 - 0x00007ffd7d321000 	C:\WINDOWS\SYSTEM32\xinput1_4.dll
0x00007ffda2dc0000 - 0x00007ffda2e0e000 	C:\WINDOWS\System32\cfgmgr32.dll
0x00007ffda2ad0000 - 0x00007ffda2afc000 	C:\WINDOWS\SYSTEM32\DEVOBJ.dll
0x00007ffda0890000 - 0x00007ffda08bf000 	C:\WINDOWS\SYSTEM32\dwmapi.dll
0x00007ffd96380000 - 0x00007ffd964d2000 	C:\WINDOWS\SYSTEM32\inputhost.dll
0x00007ffda4fc0000 - 0x00007ffda508d000 	C:\WINDOWS\System32\OLEAUT32.dll
0x00007ffda0290000 - 0x00007ffda0382000 	C:\WINDOWS\SYSTEM32\CoreMessaging.dll
0x00007ffd9fa50000 - 0x00007ffd9fba4000 	C:\WINDOWS\SYSTEM32\wintypes.dll
0x00007ffd9ff30000 - 0x00007ffda028e000 	C:\WINDOWS\SYSTEM32\CoreUIComponents.dll
0x00007ffd9e4f0000 - 0x00007ffd9e5e6000 	C:\WINDOWS\SYSTEM32\PROPSYS.dll
0x00007ffda1e70000 - 0x00007ffda1ea3000 	C:\WINDOWS\SYSTEM32\ntmarta.dll
0x00007ffda5180000 - 0x00007ffda5294000 	C:\WINDOWS\System32\MSCTF.dll
0x00007ffda1540000 - 0x00007ffda154d000 	C:\WINDOWS\SYSTEM32\HID.DLL
0x00007ffda3840000 - 0x00007ffda3ca8000 	C:\WINDOWS\System32\SETUPAPI.DLL
0x00007ffda2d20000 - 0x00007ffda2d47000 	C:\WINDOWS\System32\bcrypt.dll
0x00007ffda2d50000 - 0x00007ffda2db7000 	C:\WINDOWS\System32\WINTRUST.dll
0x00007ffda3510000 - 0x00007ffda3666000 	C:\WINDOWS\System32\CRYPT32.dll
0x00007ffda2910000 - 0x00007ffda2922000 	C:\WINDOWS\SYSTEM32\MSASN1.dll
0x00007ffda4f10000 - 0x00007ffda4fb9000 	C:\WINDOWS\System32\clbcatq.dll
0x00007ffd21f80000 - 0x00007ffd22fa5000 	C:\WINDOWS\System32\DriverStore\FileRepository\iigd_dch.inf_amd64_7df576fcfa9adb45\ig11icd64.dll
0x00007ffda52a0000 - 0x00007ffda53ca000 	C:\WINDOWS\System32\ole32.dll
0x00007ffda15a0000 - 0x00007ffda1693000 	C:\WINDOWS\system32\dxgi.dll
0x00007ffd215e0000 - 0x00007ffd21a1c000 	C:\WINDOWS\System32\DriverStore\FileRepository\iigd_dch.inf_amd64_7df576fcfa9adb45\igdml64.dll
0x00007ffd92b40000 - 0x00007ffd92e76000 	C:\WINDOWS\System32\DriverStore\FileRepository\iigd_dch.inf_amd64_7df576fcfa9adb45\igdgmm64.dll
0x00007ffd8f350000 - 0x00007ffd920df000 	C:\WINDOWS\System32\DriverStore\FileRepository\iigd_dch.inf_amd64_7df576fcfa9adb45\igc64.dll
0x00007ffda2260000 - 0x00007ffda22ab000 	C:\WINDOWS\SYSTEM32\powrprof.dll
0x00007ffda2120000 - 0x00007ffda2132000 	C:\WINDOWS\SYSTEM32\UMPDC.dll
0x00007ffd964e0000 - 0x00007ffd965d9000 	C:\WINDOWS\SYSTEM32\textinputframework.dll
0x00007ffd8d3b0000 - 0x00007ffd8d416000 	C:\WINDOWS\system32\Oleacc.dll

dbghelp: loaded successfully - version: 4.0.5 - missing functions: none
symbol engine: initialized successfully - sym options: 0x614 - pdb path: .;C:\Program Files\Java\jdk-18.0.1.1\bin;C:\WINDOWS\SYSTEM32;C:\WINDOWS\WinSxS\amd64_microsoft.windows.common-controls_6595b64144ccf1df_6.0.19041.1110_none_60b5254171f9507e;C:\Program Files\Java\jdk-18.0.1.1\bin\server;C:\Program Files (x86)\Windows Kits\10\Redist\ucrt\DLLs\x64;C:\Users\aliens\.javacpp\cache\jaylib-4.2.0-1.jar\com\raylib\windows-x86_64;C:\WINDOWS\System32\DriverStore\FileRepository\iigd_dch.inf_amd64_7df576fcfa9adb45

VM Arguments:
jvm_args: -Dfile.encoding=windows-1252 -Duser.country=GB -Duser.language=en -Duser.variant 
java_command: org.example.Main
java_class_path (initial): C:\Users\aliens\IdeaProjects\snek-gradle-kotlin\build\classes\java\main;C:\Users\aliens\IdeaProjects\snek-gradle-kotlin\build\resources\main;C:\Users\aliens\.gradle\caches\modules-2\files-2.1\uk.co.electronstudio.jaylib\jaylib\4.2.0-1\bd8b3687d71b52ac79a3b8f53929b86f57a770c1\jaylib-4.2.0-1.jar
Launcher Type: SUN_STANDARD

[Global flags]
     intx CICompilerCount                          = 4                                         {product} {ergonomic}
     uint ConcGCThreads                            = 2                                         {product} {ergonomic}
     uint G1ConcRefinementThreads                  = 8                                         {product} {ergonomic}
   size_t G1HeapRegionSize                         = 2097152                                   {product} {ergonomic}
    uintx GCDrainStackTargetSize                   = 64                                        {product} {ergonomic}
   size_t InitialHeapSize                          = 266338304                                 {product} {ergonomic}
   size_t MarkStackSize                            = 4194304                                   {product} {ergonomic}
   size_t MaxHeapSize                              = 4236247040                                {product} {ergonomic}
   size_t MaxNewSize                               = 2541748224                                {product} {ergonomic}
   size_t MinHeapDeltaBytes                        = 2097152                                   {product} {ergonomic}
   size_t MinHeapSize                              = 8388608                                   {product} {ergonomic}
    uintx NonNMethodCodeHeapSize                   = 5839372                                {pd product} {ergonomic}
    uintx NonProfiledCodeHeapSize                  = 122909434                              {pd product} {ergonomic}
    uintx ProfiledCodeHeapSize                     = 122909434                              {pd product} {ergonomic}
    uintx ReservedCodeCacheSize                    = 251658240                              {pd product} {ergonomic}
     bool SegmentedCodeCache                       = true                                      {product} {ergonomic}
   size_t SoftMaxHeapSize                          = 4236247040                             {manageable} {ergonomic}
     bool UseCompressedClassPointers               = true                           {product lp64_product} {ergonomic}
     bool UseCompressedOops                        = true                           {product lp64_product} {ergonomic}
     bool UseG1GC                                  = true                                      {product} {ergonomic}
     bool UseLargePagesIndividualAllocation        = false                                  {pd product} {ergonomic}

Logging:
Log output configuration:
 #0: stdout all=warning uptime,level,tags foldmultilines=false
 #1: stderr all=off uptime,level,tags foldmultilines=false

Environment Variables:
JAVA_HOME=C:\Program Files\Java\jdk-19.0.2
PATH=C:\VulkanSDK\1.3.239.0\Bin;C:\Program Files\Lapce\;C:\Program Files\Java\jdk-19.0.2\bin;C:\Program Files\Common Files\Oracle\Java\javapath;C:\Program Files (x86)\Common Files\Oracle\Java\javapath;C:\Program Files\Python310\Scripts\;C:\Program Files\Python310\;C:\WINDOWS\system32;C:\WINDOWS;C:\WINDOWS\System32\Wbem;C:\WINDOWS\System32\WindowsPowerShell\v1.0\;C:\WINDOWS\System32\OpenSSH\;C:\Perl64\bin\;C:\ProgramData\chocolatey\bin;C:\Program Files\Microsoft SQL Server\150\Tools\Binn\;C:\Program Files\Microsoft SQL Server\130\Tools\Binn\;C:\Program Files (x86)\Windows Kits\10\Windows Performance Toolkit\;C:\Program Files\VSCodium\bin;C:\Program Files\dotnet\;C:\Program Files\nodejs\;C:\Program Files (x86)\Lua\5.1;C:\Program Files (x86)\Lua\5.1\clibs;C:\fasmg.jmhx;C:\metasploit-framework\bin\;c:\Program Files (x86)\Microsoft SQL Server\90\Tools\binn\;C:\Program Files (x86)\Gpg4win\..\GnuPG\bin;C:\Program Files\Neovim\bin;C:\Program Files\Docker\Docker\resources\bin;C:\Program Files\PuTTY\;C:\Users\aliens\.cargo\bin;C:\Users\aliens\scoop\shims;C:\Program Files\MySQL\MySQL Shell 8.0\bin\;C:\Users\aliens\AppData\Local\Microsoft\WindowsApps;C:\cygwin64\bin;C:\pspsdk\bin;C:\Users\aliens\.dotnet\tools;C:\Users\aliens\AppData\Local\GitHubDesktop\bin;C:\cheerp\bin;C:\Users\aliens\AppData\Roaming\Python\Python310\Scripts;C:\Program Files\CMake\bin;C:\Program Files\Tesseract-OCR;C:\Users\aliens\AppData\Local\JetBrains\Toolbox\scripts;C:\Users\aliens\.dotnet\tools;C:\Program Files (x86)\Nmap;C:\Program Files\Java\jdk-19.0.2\bin;C:\Users\aliens\emsdk\upstream\bin;C:\Users\aliens\emsdk\upstream\emscripten;C:\Users\aliens\AppData\Local\Programs\Microsoft VS Code;C:\Users\aliens\.dotnet\tools;C:\cheerp\bin;C:\Users\aliens\AppData\Roaming\npm;C:\xampp\mysql\bin;C:\gradle-8.0.2\bin;C:\php;C:\Users\aliens\AppData\Local\ComposerSetup\bin;C:\Users\aliens\AppData\Roaming\Composer\vendor\bin;C:\Users\aliens\.dotnet\tools;C:\Users\aliens\AppData\Local\Programs\Microsoft VS Code Insiders\bin
USERNAME=aliens
OS=Windows_NT
PROCESSOR_IDENTIFIER=Intel64 Family 6 Model 126 Stepping 5, GenuineIntel



---------------  S Y S T E M  ---------------

OS:
 Windows 10 , 64 bit Build 19041 (10.0.19041.2788)
OS uptime: 13 days 18:45 hours
Hyper-V role detected

CPU: total 8 (initial active 8) (4 cores per cpu, 2 threads per core) family 6 model 126 stepping 5 microcode 0xb0, cx8, cmov, fxsr, ht, mmx, 3dnowpref, sse, sse2, sse3, ssse3, sse4.1, sse4.2, popcnt, lzcnt, tsc, tscinvbit, avx, avx2, aes, erms, clmul, bmi1, bmi2, adx, avx512f, avx512dq, avx512cd, avx512bw, avx512vl, sha, fma, vzeroupper, avx512_vpopcntdq, avx512_vpclmulqdq, avx512_vaes, avx512_vnni, clflush, clflushopt, avx512_vbmi2, avx512_vbmi, hv

Memory: 4k page, system-wide physical 16153M (5265M free)
TotalPageFile size 26393M (AvailPageFile size 11093M)
current process WorkingSet (physical memory assigned to process): 125M, peak: 149M
current process commit charge ("private bytes"): 397M, peak: 408M

vm_info: Java HotSpot(TM) 64-Bit Server VM (18.0.1.1+2-6) for windows-amd64 JRE (18.0.1.1+2-6), built on Apr 25 2022 21:53:15 by "mach5one" with MS VC++ 16.8 / 16.9 (VS2019)

END.
