#
# A fatal error has been detected by the Java Runtime Environment:
#
#  EXCEPTION_ACCESS_VIOLATION (0xc0000005) at pc=0x00007ffd28b0d110, pid=3528, tid=30548
#
# JRE version: Java(TM) SE Runtime Environment (18.0.1.1+2) (build 18.0.1.1+2-6)
# Java VM: Java HotSpot(TM) 64-Bit Server VM (18.0.1.1+2-6, mixed mode, sharing, tiered, compressed oops, compressed class ptrs, g1 gc, windows-amd64)
# Problematic frame:
# C  [jniRaylib.dll+0xcd110]
#
# No core dump will be written. Minidumps are not enabled by default on client versions of Windows
#
# If you would like to submit a bug report, please visit:
#   https://bugreport.java.com/bugreport/crash.jsp
# The crash happened outside the Java Virtual Machine in native code.
# See problematic frame for where to report the bug.
#

---------------  S U M M A R Y ------------

Command Line: -Dfile.encoding=windows-1252 -Duser.country=GB -Duser.language=en -Duser.variant org.example.Main

Host: Intel(R) Core(TM) i7-1065G7 CPU @ 1.30GHz, 8 cores, 15G,  Windows 10 , 64 bit Build 19041 (10.0.19041.2788)
Time: Thu May 25 17:34:06 2023 W. Europe Summer Time elapsed time: 2.425522 seconds (0d 0h 0m 2s)

---------------  T H R E A D  ---------------

Current thread (0x000002123d4f2ed0):  JavaThread "main" [_thread_in_native, id=30548, stack(0x0000007e0d400000,0x0000007e0d500000)]

Stack: [0x0000007e0d400000,0x0000007e0d500000],  sp=0x0000007e0d4ff020,  free space=1020k
Native frames: (J=compiled Java code, j=interpreted, Vv=VM code, C=native code)
C  [jniRaylib.dll+0xcd110]

Java frames: (J=compiled Java code, j=interpreted, Vv=VM code)
J 757  com.raylib.Raylib.DrawRectangle(IIIILcom/raylib/Raylib$Color;)V (0 bytes) @ 0x000002124e16c012 [0x000002124e16bfa0+0x0000000000000072]
j  org.example.Main.draw(I[IF)V+13
j  org.example.Main.gameLoop(SS)V+65
j  org.example.Main.main([Ljava/lang/String;)V+9
v  ~StubRoutines::call_stub

siginfo: EXCEPTION_ACCESS_VIOLATION (0xc0000005), writing address 0x000002126ee80090


Register to memory mapping:

RIP=0x00007ffd28b0d110 jniRaylib.dll
RAX=0x000002126ee80090 is an unknown value
RBX=0x00000000ff3721be is an unknown value
RCX=0x0 is NULL
RDX=0x0000021267e085c0 points into unknown readable memory: 0x0000021200002000 | 00 20 00 00 12 02 00 00
RSP=0x0000007e0d4ff020 is pointing into the stack for thread: 0x000002123d4f2ed0
RBP=0x00000000000000c8 is an unknown value
RSI=0x00000212672b1c20 points into unknown readable memory: 0x00000212ff3721be | be 21 37 ff 12 02 00 00
RDI=0x0000007e0d4ff170 is pointing into the stack for thread: 0x000002123d4f2ed0
R8 =0x0 is NULL
R9 =0x0 is NULL
R10=0x00007ffd3ecbf648 jvm.dll
R11=0x0000000000000002 is an unknown value
R12=0x0 is NULL
R13=0x0000007e0d4ff268 is pointing into the stack for thread: 0x000002123d4f2ed0
R14=0x000000000000012c is an unknown value
R15=0x000002123d4f2ed0 is a thread


Registers:
RAX=0x000002126ee80090, RBX=0x00000000ff3721be, RCX=0x0000000000000000, RDX=0x0000021267e085c0
RSP=0x0000007e0d4ff020, RBP=0x00000000000000c8, RSI=0x00000212672b1c20, RDI=0x0000007e0d4ff170
R8 =0x0000000000000000, R9 =0x0000000000000000, R10=0x00007ffd3ecbf648, R11=0x0000000000000002
R12=0x0000000000000000, R13=0x0000007e0d4ff268, R14=0x000000000000012c, R15=0x000002123d4f2ed0
RIP=0x00007ffd28b0d110, EFLAGS=0x0000000000010246

Top of Stack: (sp=0x0000007e0d4ff020)
0x0000007e0d4ff020:   000002126283a490 0000000000000000
0x0000007e0d4ff030:   0000000000000021 00007ffda2e278f7
0x0000007e0d4ff040:   0000000043480000 0000000000000000
0x0000007e0d4ff050:   00000000435c0000 0000000000000000
0x0000007e0d4ff060:   00000000ff3721be 00007ffd28b1341e
0x0000007e0d4ff070:   00007ffda2eff4e8 0000007e0d4ff1f0
0x0000007e0d4ff080:   0000000000000003 00007ffda2e2b3e4
0x0000007e0d4ff090:   0000000000000000 00007ffda2e2aca1
0x0000007e0d4ff0a0:   0000000000000000 0000000000000000
0x0000007e0d4ff0b0:   0000000000000000 0000000000000000
0x0000007e0d4ff0c0:   0000000000000000 0000000000000000
0x0000007e0d4ff0d0:   0000000000000000 0000000000000000
0x0000007e0d4ff0e0:   0000000000000000 0000000000000000
0x0000007e0d4ff0f0:   0000000000000000 0000000000000000
0x0000007e0d4ff100:   0000000000000000 0000000000000000
0x0000007e0d4ff110:   0000007e0d4ff100 00007ffda2eff4e8 

Instructions: (pc=0x00007ffd28b0d110)
0x00007ffd28b0d010:   13 00 f3 0f 59 cd f3 0f 58 d8 f3 0f 10 05 22 9c
0x00007ffd28b0d020:   13 00 f3 0f 59 c6 f3 0f 58 25 fe 9b 13 00 f3 0f
0x00007ffd28b0d030:   58 d9 f3 0f 10 0d 0e 9c 13 00 f3 0f 59 cd f3 0f
0x00007ffd28b0d040:   58 d0 f3 0f 58 1d f2 9b 13 00 0f 28 ea f3 0f 58
0x00007ffd28b0d050:   e9 f3 0f 58 2d f3 9b 13 00 48 8b 05 f0 9a 13 00
0x00007ffd28b0d060:   8b 0d 12 9b 13 00 48 63 50 04 4c 8b 40 08 48 c1
0x00007ffd28b0d070:   e2 06 42 8b 04 02 c1 e0 02 3b c8 0f 8d bb 01 00
0x00007ffd28b0d080:   00 8d 04 49 48 63 c8 4a 8b 44 02 08 f3 0f 11 24
0x00007ffd28b0d090:   88 48 8b 05 b8 9a 13 00 4c 63 48 04 4c 8b 40 08
0x00007ffd28b0d0a0:   8b 05 d2 9a 13 00 49 c1 e1 06 8d 0c 40 4b 8b 44
0x00007ffd28b0d0b0:   01 08 48 63 d1 f3 0f 11 5c 90 04 48 8b 05 8e 9a
0x00007ffd28b0d0c0:   13 00 4c 63 48 04 4c 8b 40 08 8b 05 a8 9a 13 00
0x00007ffd28b0d0d0:   49 c1 e1 06 8d 0c 40 4b 8b 44 01 08 48 63 d1 f3
0x00007ffd28b0d0e0:   0f 11 6c 90 08 48 8b 05 64 9a 13 00 f3 0f 10 05
0x00007ffd28b0d0f0:   88 9a 13 00 4c 63 40 04 48 8b 50 08 8b 05 76 9a
0x00007ffd28b0d100:   13 00 03 c0 49 c1 e0 06 48 63 c8 49 8b 44 10 10
0x00007ffd28b0d110:   f3 0f 11 04 88 48 8b 05 34 9a 13 00 f3 0f 10 05
0x00007ffd28b0d120:   5c 9a 13 00 4c 63 40 04 48 8b 50 08 8b 05 46 9a
0x00007ffd28b0d130:   13 00 03 c0 49 c1 e0 06 48 63 c8 49 8b 44 10 10
0x00007ffd28b0d140:   f3 0f 11 44 88 04 48 8b 05 03 9a 13 00 4c 63 40
0x00007ffd28b0d150:   04 48 8b 48 08 8b 05 1d 9a 13 00 49 c1 e0 06 8d
0x00007ffd28b0d160:   04 85 00 00 00 00 49 8b 4c 08 18 48 63 d0 0f b6
0x00007ffd28b0d170:   05 1b 9a 13 00 88 04 0a 48 8b 05 d1 99 13 00 4c
0x00007ffd28b0d180:   63 40 04 48 8b 48 08 8b 05 eb 99 13 00 49 c1 e0
0x00007ffd28b0d190:   06 8d 04 85 00 00 00 00 49 8b 4c 08 18 48 63 d0
0x00007ffd28b0d1a0:   0f b6 05 ea 99 13 00 88 44 11 01 48 8b 05 9e 99
0x00007ffd28b0d1b0:   13 00 4c 63 40 04 48 8b 48 08 8b 05 b8 99 13 00
0x00007ffd28b0d1c0:   49 c1 e0 06 8d 04 85 00 00 00 00 49 8b 4c 08 18
0x00007ffd28b0d1d0:   48 63 d0 0f b6 05 b8 99 13 00 88 44 11 02 48 8b
0x00007ffd28b0d1e0:   05 6b 99 13 00 4c 63 40 04 48 8b 48 08 8b 05 85
0x00007ffd28b0d1f0:   99 13 00 49 c1 e0 06 8d 04 85 00 00 00 00 49 8b
0x00007ffd28b0d200:   4c 08 18 48 63 d0 0f b6 05 86 99 13 00 88 44 11 


Stack slot to memory mapping:
stack at sp + 0 slots: {method} {0x000002126283a498} 'CloseWindow' '()V' in 'com/raylib/Raylib'
stack at sp + 1 slots: 0x0 is NULL
stack at sp + 2 slots: 0x0000000000000021 is an unknown value
stack at sp + 3 slots: 0x00007ffda2e278f7 ucrtbase.dll
stack at sp + 4 slots: 0x0000000043480000 is an unknown value
stack at sp + 5 slots: 0x0 is NULL
stack at sp + 6 slots: 0x00000000435c0000 is an unknown value
stack at sp + 7 slots: 0x0 is NULL


Compiled method (n/a)    2602  757     n 0       com.raylib.Raylib::DrawRectangle (native)
 total in heap  [0x000002124e16be10,0x000002124e16c1f0] = 992
 relocation     [0x000002124e16bf68,0x000002124e16bf98] = 48
 main code      [0x000002124e16bfa0,0x000002124e16c1e8] = 584
 oops           [0x000002124e16c1e8,0x000002124e16c1f0] = 8

[Constant Pool (empty)]

[MachCode]
[Entry Point]
  # {method} {0x0000021262845790} 'DrawRectangle' '(IIIILcom/raylib/Raylib$Color;)V' in 'com/raylib/Raylib'
  # parm0:    rdx       = int
  # parm1:    r8        = int
  # parm2:    r9        = int
  # parm3:    rdi       = int
  # parm4:    rsi:rsi   = 'com/raylib/Raylib$Color'
  #           [sp+0x90]  (sp of caller)
  0x000002124e16bfa0: 448b 5208 | 49bb 0000 | 0000 0800 | 0000 4d03 | d349 3bc2 | 0f84 0600 

  0x000002124e16bfb8: ;   {runtime_call ic_miss_stub}
  0x000002124e16bfb8: 0000 e9c1 | 0f51 f890 
[Verified Entry Point]
  0x000002124e16bfc0: 8984 2400 | 90ff ff55 | 488b ec48 | 81ec 8000 | 0000 4889 | 7424 5848 | 83fe 0048 | 8d44 2458 
  0x000002124e16bfe0: 480f 4444 | 2458 4889 | 4424 3048 | 897c 2428 | 4c89 4c24 | 204d 8bc8 

  0x000002124e16bff8: ;   {oop(a 'java/lang/Class'{0x00000007126e2188} = 'com/raylib/Raylib')}
  0x000002124e16bff8: 4c8b c249 | be88 216e | 1207 0000 | 004c 8974 | 2468 4c8d | 7424 6849 | 8bd6 c5f8 

  0x000002124e16c014: ;   {internal_word}
  0x000002124e16c014: 7749 ba12 | c016 4e12 | 0200 004d | 8997 7802 | 0000 4989 | a770 0200 

  0x000002124e16c02c: ;   {external_word}
  0x000002124e16c02c: 0049 ba4d | 2cca 3efd | 7f00 0041 | 803a 000f | 8452 0000 | 0052 4150 

  0x000002124e16c044: ;   {metadata({method} {0x0000021262845790} 'DrawRectangle' '(IIIILcom/raylib/Raylib$Color;)V' in 'com/raylib/Raylib')}
  0x000002124e16c044: 4151 48ba | 8857 8462 | 1202 0000 | 498b cf48 | 83ec 20f7 | c40f 0000 | 000f 841a | 0000 0048 
  0x000002124e16c064: ;   {runtime_call}
  0x000002124e16c064: 83ec 0849 | baf0 c886 | 3efd 7f00 | 0041 ffd2 | 4883 c408 | e90d 0000 

  0x000002124e16c07c: ;   {runtime_call}
  0x000002124e16c07c: 0049 baf0 | c886 3efd | 7f00 0041 | ffd2 4883 | c420 4159 | 4158 5a49 | 8d8f 9002 | 0000 41c7 
  0x000002124e16c09c: 8730 0300 | 0004 0000 

  0x000002124e16c0a4: ;   {runtime_call}
  0x000002124e16c0a4: 0049 bad0 | 77a7 28fd | 7f00 0041 | ffd2 c5f8 | 7741 c787 | 3003 0000 | 0500 0000 | f083 4424 
  0x000002124e16c0c4: c000 493b | af38 0300 | 000f 8711 | 0000 0041 | 81bf 2003 | 0000 0000 | 0000 0f84 | 2400 0000 
  0x000002124e16c0e4: c5f8 7749 | 8bcf 4c8b | e448 83ec | 2048 83e4 

  0x000002124e16c0f4: ;   {runtime_call}
  0x000002124e16c0f4: f049 bae0 | 0791 3efd | 7f00 0041 | ffd2 498b | e44d 33e4 | 41c7 8730 | 0300 0008 | 0000 0041 
  0x000002124e16c114: 81bf a003 | 0000 0200 | 0000 0f84 | 9b00 0000 

  0x000002124e16c124: ;   {external_word}
  0x000002124e16c124: 49ba 4d2c | ca3e fd7f | 0000 4180 | 3a00 0f84 | 4800 0000 

  0x000002124e16c138: ;   {metadata({method} {0x0000021262845790} 'DrawRectangle' '(IIIILcom/raylib/Raylib$Color;)V' in 'com/raylib/Raylib')}
  0x000002124e16c138: 48ba 8857 | 8462 1202 | 0000 498b | cf48 83ec | 20f7 c40f | 0000 000f | 841a 0000 | 0048 83ec 
  0x000002124e16c158: ;   {runtime_call}
  0x000002124e16c158: 0849 baf0 | c886 3efd | 7f00 0041 | ffd2 4883 | c408 e90d 

  0x000002124e16c16c: ;   {runtime_call}
  0x000002124e16c16c: 0000 0049 | baf0 c886 | 3efd 7f00 | 0041 ffd2 | 4883 c420 | 49c7 8770 | 0200 0000 | 0000 0049 
  0x000002124e16c18c: c787 7802 | 0000 0000 | 0000 c5f8 | 7749 8b8f | 0003 0000 | c781 0001 | 0000 0000 | 0000 c949 
  0x000002124e16c1ac: 817f 0800 | 0000 000f | 8501 0000 

  0x000002124e16c1b8: ;   {runtime_call StubRoutines (1)}
  0x000002124e16c1b8: 00c3 e941 | 4d4c f8c5 | f877 4c8b | e448 83ec | 2048 83e4 

  0x000002124e16c1cc: ;   {runtime_call}
  0x000002124e16c1cc: f049 bab0 | f886 3efd | 7f00 0041 | ffd2 498b | e44d 33e4 | e93f ffff | fff4 f4f4 
[/MachCode]


---------------  P R O C E S S  ---------------

Threads class SMR info:
_java_thread_list=0x00000212666aa290, length=13, elements={
0x000002123d4f2ed0, 0x0000021262142fc0, 0x0000021262143960, 0x000002126215bad0,
0x000002126215c470, 0x000002126215ee20, 0x000002126215f7c0, 0x0000021262165010,
0x00000212621701e0, 0x0000021262199130, 0x00000212664de050, 0x00000212664ded40,
0x00000212664f8390
}

Java Threads: ( => current thread )
=>0x000002123d4f2ed0 JavaThread "main" [_thread_in_native, id=30548, stack(0x0000007e0d400000,0x0000007e0d500000)]
  0x0000021262142fc0 JavaThread "Reference Handler" daemon [_thread_blocked, id=42064, stack(0x0000007e0db00000,0x0000007e0dc00000)]
  0x0000021262143960 JavaThread "Finalizer" daemon [_thread_blocked, id=17280, stack(0x0000007e0dc00000,0x0000007e0dd00000)]
  0x000002126215bad0 JavaThread "Signal Dispatcher" daemon [_thread_blocked, id=9316, stack(0x0000007e0dd00000,0x0000007e0de00000)]
  0x000002126215c470 JavaThread "Attach Listener" daemon [_thread_blocked, id=17144, stack(0x0000007e0de00000,0x0000007e0df00000)]
  0x000002126215ee20 JavaThread "Service Thread" daemon [_thread_blocked, id=27440, stack(0x0000007e0df00000,0x0000007e0e000000)]
  0x000002126215f7c0 JavaThread "Monitor Deflation Thread" daemon [_thread_blocked, id=36424, stack(0x0000007e0e000000,0x0000007e0e100000)]
  0x0000021262165010 JavaThread "C2 CompilerThread0" daemon [_thread_blocked, id=18260, stack(0x0000007e0e100000,0x0000007e0e200000)]
  0x00000212621701e0 JavaThread "C1 CompilerThread0" daemon [_thread_blocked, id=24484, stack(0x0000007e0e200000,0x0000007e0e300000)]
  0x0000021262199130 JavaThread "Sweeper thread" daemon [_thread_blocked, id=40380, stack(0x0000007e0e300000,0x0000007e0e400000)]
  0x00000212664de050 JavaThread "Notification Thread" daemon [_thread_blocked, id=6432, stack(0x0000007e0e400000,0x0000007e0e500000)]
  0x00000212664ded40 JavaThread "Common-Cleaner" daemon [_thread_blocked, id=39028, stack(0x0000007e0e600000,0x0000007e0e700000)]
  0x00000212664f8390 JavaThread "JavaCPP Deallocator" daemon [_thread_blocked, id=30856, stack(0x0000007e0e700000,0x0000007e0e800000)]

Other Threads:
  0x000002123d57c490 VMThread "VM Thread" [stack: 0x0000007e0da00000,0x0000007e0db00000] [id=17356]
  0x00000212664de920 WatcherThread "VM Periodic Task Thread" [stack: 0x0000007e0e500000,0x0000007e0e600000] [id=13804]
  0x000002123d5627a0 WorkerThread "GC Thread#0" [stack: 0x0000007e0d500000,0x0000007e0d600000] [id=39088]
  0x000002123d574360 ConcurrentGCThread "G1 Main Marker" [stack: 0x0000007e0d600000,0x0000007e0d700000] [id=40172]
  0x000002123d5754f0 WorkerThread "G1 Conc#0" [stack: 0x0000007e0d700000,0x0000007e0d800000] [id=41392]
  0x000002123d5be7a0 ConcurrentGCThread "G1 Refine#0" [stack: 0x0000007e0d800000,0x0000007e0d900000] [id=12020]
  0x0000021261ff8210 ConcurrentGCThread "G1 Service" [stack: 0x0000007e0d900000,0x0000007e0da00000] [id=25392]

Threads with active compile tasks:

VM state: not at safepoint (normal execution)

VM Mutex/Monitor currently owned by a thread: None

Heap address: 0x0000000703800000, size: 4040 MB, Compressed Oops mode: Zero based, Oop shift amount: 3

CDS archive(s) mapped at: [0x0000000800000000-0x0000000800ba0000-0x0000000800ba0000), size 12189696, SharedBaseAddress: 0x0000000800000000, ArchiveRelocationMode: 0.
Compressed class space mapped at: 0x0000000800c00000-0x0000000840c00000, reserved size: 1073741824
Narrow klass base: 0x0000000800000000, Narrow klass shift: 0, Narrow klass range: 0x100000000

GC Precious Log:
 CardTable entry size: 512
 Card Set container configuration: InlinePtr #cards 4 size 8 Array Of Cards #cards 16 size 48 Howl #buckets 8 coarsen threshold 3686 Howl Bitmap #cards 512 size 80 coarsen threshold 460 Card regions per heap region 1 cards per card region 4096
 CPUs: 8 total, 8 available
 Memory: 16153M
 Large Page Support: Disabled
 NUMA Support: Disabled
 Compressed Oops: Enabled (Zero based)
 Heap Region Size: 2M
 Heap Min Capacity: 8M
 Heap Initial Capacity: 254M
 Heap Max Capacity: 4040M
 Pre-touch: Disabled
 Parallel Workers: 8
 Concurrent Workers: 2
 Concurrent Refinement Workers: 8
 Periodic GC: Disabled

Heap:
 garbage-first heap   total 260096K, used 16384K [0x0000000703800000, 0x0000000800000000)
  region size 2048K, 9 young (18432K), 0 survivors (0K)
 Metaspace       used 2055K, committed 2240K, reserved 1114112K
  class space    used 174K, committed 256K, reserved 1048576K

Heap Regions: E=young(eden), S=young(survivor), O=old, HS=humongous(starts), HC=humongous(continues), CS=collection set, F=free, OA=open archive, CA=closed archive, TAMS=top-at-mark-start (previous, next)
|   0|0x0000000703800000, 0x0000000703800000, 0x0000000703a00000|  0%| F|  |TAMS 0x0000000703800000, 0x0000000703800000| Untracked 
|   1|0x0000000703a00000, 0x0000000703a00000, 0x0000000703c00000|  0%| F|  |TAMS 0x0000000703a00000, 0x0000000703a00000| Untracked 
|   2|0x0000000703c00000, 0x0000000703c00000, 0x0000000703e00000|  0%| F|  |TAMS 0x0000000703c00000, 0x0000000703c00000| Untracked 
|   3|0x0000000703e00000, 0x0000000703e00000, 0x0000000704000000|  0%| F|  |TAMS 0x0000000703e00000, 0x0000000703e00000| Untracked 
|   4|0x0000000704000000, 0x0000000704000000, 0x0000000704200000|  0%| F|  |TAMS 0x0000000704000000, 0x0000000704000000| Untracked 
|   5|0x0000000704200000, 0x0000000704200000, 0x0000000704400000|  0%| F|  |TAMS 0x0000000704200000, 0x0000000704200000| Untracked 
|   6|0x0000000704400000, 0x0000000704400000, 0x0000000704600000|  0%| F|  |TAMS 0x0000000704400000, 0x0000000704400000| Untracked 
|   7|0x0000000704600000, 0x0000000704600000, 0x0000000704800000|  0%| F|  |TAMS 0x0000000704600000, 0x0000000704600000| Untracked 
|   8|0x0000000704800000, 0x0000000704800000, 0x0000000704a00000|  0%| F|  |TAMS 0x0000000704800000, 0x0000000704800000| Untracked 
|   9|0x0000000704a00000, 0x0000000704a00000, 0x0000000704c00000|  0%| F|  |TAMS 0x0000000704a00000, 0x0000000704a00000| Untracked 
|  10|0x0000000704c00000, 0x0000000704c00000, 0x0000000704e00000|  0%| F|  |TAMS 0x0000000704c00000, 0x0000000704c00000| Untracked 
|  11|0x0000000704e00000, 0x0000000704e00000, 0x0000000705000000|  0%| F|  |TAMS 0x0000000704e00000, 0x0000000704e00000| Untracked 
|  12|0x0000000705000000, 0x0000000705000000, 0x0000000705200000|  0%| F|  |TAMS 0x0000000705000000, 0x0000000705000000| Untracked 
|  13|0x0000000705200000, 0x0000000705200000, 0x0000000705400000|  0%| F|  |TAMS 0x0000000705200000, 0x0000000705200000| Untracked 
|  14|0x0000000705400000, 0x0000000705400000, 0x0000000705600000|  0%| F|  |TAMS 0x0000000705400000, 0x0000000705400000| Untracked 
|  15|0x0000000705600000, 0x0000000705600000, 0x0000000705800000|  0%| F|  |TAMS 0x0000000705600000, 0x0000000705600000| Untracked 
|  16|0x0000000705800000, 0x0000000705800000, 0x0000000705a00000|  0%| F|  |TAMS 0x0000000705800000, 0x0000000705800000| Untracked 
|  17|0x0000000705a00000, 0x0000000705a00000, 0x0000000705c00000|  0%| F|  |TAMS 0x0000000705a00000, 0x0000000705a00000| Untracked 
|  18|0x0000000705c00000, 0x0000000705c00000, 0x0000000705e00000|  0%| F|  |TAMS 0x0000000705c00000, 0x0000000705c00000| Untracked 
|  19|0x0000000705e00000, 0x0000000705e00000, 0x0000000706000000|  0%| F|  |TAMS 0x0000000705e00000, 0x0000000705e00000| Untracked 
|  20|0x0000000706000000, 0x0000000706000000, 0x0000000706200000|  0%| F|  |TAMS 0x0000000706000000, 0x0000000706000000| Untracked 
|  21|0x0000000706200000, 0x0000000706200000, 0x0000000706400000|  0%| F|  |TAMS 0x0000000706200000, 0x0000000706200000| Untracked 
|  22|0x0000000706400000, 0x0000000706400000, 0x0000000706600000|  0%| F|  |TAMS 0x0000000706400000, 0x0000000706400000| Untracked 
|  23|0x0000000706600000, 0x0000000706600000, 0x0000000706800000|  0%| F|  |TAMS 0x0000000706600000, 0x0000000706600000| Untracked 
|  24|0x0000000706800000, 0x0000000706800000, 0x0000000706a00000|  0%| F|  |TAMS 0x0000000706800000, 0x0000000706800000| Untracked 
|  25|0x0000000706a00000, 0x0000000706a00000, 0x0000000706c00000|  0%| F|  |TAMS 0x0000000706a00000, 0x0000000706a00000| Untracked 
|  26|0x0000000706c00000, 0x0000000706c00000, 0x0000000706e00000|  0%| F|  |TAMS 0x0000000706c00000, 0x0000000706c00000| Untracked 
|  27|0x0000000706e00000, 0x0000000706e00000, 0x0000000707000000|  0%| F|  |TAMS 0x0000000706e00000, 0x0000000706e00000| Untracked 
|  28|0x0000000707000000, 0x0000000707000000, 0x0000000707200000|  0%| F|  |TAMS 0x0000000707000000, 0x0000000707000000| Untracked 
|  29|0x0000000707200000, 0x0000000707200000, 0x0000000707400000|  0%| F|  |TAMS 0x0000000707200000, 0x0000000707200000| Untracked 
|  30|0x0000000707400000, 0x0000000707400000, 0x0000000707600000|  0%| F|  |TAMS 0x0000000707400000, 0x0000000707400000| Untracked 
|  31|0x0000000707600000, 0x0000000707600000, 0x0000000707800000|  0%| F|  |TAMS 0x0000000707600000, 0x0000000707600000| Untracked 
|  32|0x0000000707800000, 0x0000000707800000, 0x0000000707a00000|  0%| F|  |TAMS 0x0000000707800000, 0x0000000707800000| Untracked 
|  33|0x0000000707a00000, 0x0000000707a00000, 0x0000000707c00000|  0%| F|  |TAMS 0x0000000707a00000, 0x0000000707a00000| Untracked 
|  34|0x0000000707c00000, 0x0000000707c00000, 0x0000000707e00000|  0%| F|  |TAMS 0x0000000707c00000, 0x0000000707c00000| Untracked 
|  35|0x0000000707e00000, 0x0000000707e00000, 0x0000000708000000|  0%| F|  |TAMS 0x0000000707e00000, 0x0000000707e00000| Untracked 
|  36|0x0000000708000000, 0x0000000708000000, 0x0000000708200000|  0%| F|  |TAMS 0x0000000708000000, 0x0000000708000000| Untracked 
|  37|0x0000000708200000, 0x0000000708200000, 0x0000000708400000|  0%| F|  |TAMS 0x0000000708200000, 0x0000000708200000| Untracked 
|  38|0x0000000708400000, 0x0000000708400000, 0x0000000708600000|  0%| F|  |TAMS 0x0000000708400000, 0x0000000708400000| Untracked 
|  39|0x0000000708600000, 0x0000000708600000, 0x0000000708800000|  0%| F|  |TAMS 0x0000000708600000, 0x0000000708600000| Untracked 
|  40|0x0000000708800000, 0x0000000708800000, 0x0000000708a00000|  0%| F|  |TAMS 0x0000000708800000, 0x0000000708800000| Untracked 
|  41|0x0000000708a00000, 0x0000000708a00000, 0x0000000708c00000|  0%| F|  |TAMS 0x0000000708a00000, 0x0000000708a00000| Untracked 
|  42|0x0000000708c00000, 0x0000000708c00000, 0x0000000708e00000|  0%| F|  |TAMS 0x0000000708c00000, 0x0000000708c00000| Untracked 
|  43|0x0000000708e00000, 0x0000000708e00000, 0x0000000709000000|  0%| F|  |TAMS 0x0000000708e00000, 0x0000000708e00000| Untracked 
|  44|0x0000000709000000, 0x0000000709000000, 0x0000000709200000|  0%| F|  |TAMS 0x0000000709000000, 0x0000000709000000| Untracked 
|  45|0x0000000709200000, 0x0000000709200000, 0x0000000709400000|  0%| F|  |TAMS 0x0000000709200000, 0x0000000709200000| Untracked 
|  46|0x0000000709400000, 0x0000000709400000, 0x0000000709600000|  0%| F|  |TAMS 0x0000000709400000, 0x0000000709400000| Untracked 
|  47|0x0000000709600000, 0x0000000709600000, 0x0000000709800000|  0%| F|  |TAMS 0x0000000709600000, 0x0000000709600000| Untracked 
|  48|0x0000000709800000, 0x0000000709800000, 0x0000000709a00000|  0%| F|  |TAMS 0x0000000709800000, 0x0000000709800000| Untracked 
|  49|0x0000000709a00000, 0x0000000709a00000, 0x0000000709c00000|  0%| F|  |TAMS 0x0000000709a00000, 0x0000000709a00000| Untracked 
|  50|0x0000000709c00000, 0x0000000709c00000, 0x0000000709e00000|  0%| F|  |TAMS 0x0000000709c00000, 0x0000000709c00000| Untracked 
|  51|0x0000000709e00000, 0x0000000709e00000, 0x000000070a000000|  0%| F|  |TAMS 0x0000000709e00000, 0x0000000709e00000| Untracked 
|  52|0x000000070a000000, 0x000000070a000000, 0x000000070a200000|  0%| F|  |TAMS 0x000000070a000000, 0x000000070a000000| Untracked 
|  53|0x000000070a200000, 0x000000070a200000, 0x000000070a400000|  0%| F|  |TAMS 0x000000070a200000, 0x000000070a200000| Untracked 
|  54|0x000000070a400000, 0x000000070a400000, 0x000000070a600000|  0%| F|  |TAMS 0x000000070a400000, 0x000000070a400000| Untracked 
|  55|0x000000070a600000, 0x000000070a600000, 0x000000070a800000|  0%| F|  |TAMS 0x000000070a600000, 0x000000070a600000| Untracked 
|  56|0x000000070a800000, 0x000000070a800000, 0x000000070aa00000|  0%| F|  |TAMS 0x000000070a800000, 0x000000070a800000| Untracked 
|  57|0x000000070aa00000, 0x000000070aa00000, 0x000000070ac00000|  0%| F|  |TAMS 0x000000070aa00000, 0x000000070aa00000| Untracked 
|  58|0x000000070ac00000, 0x000000070ac00000, 0x000000070ae00000|  0%| F|  |TAMS 0x000000070ac00000, 0x000000070ac00000| Untracked 
|  59|0x000000070ae00000, 0x000000070ae00000, 0x000000070b000000|  0%| F|  |TAMS 0x000000070ae00000, 0x000000070ae00000| Untracked 
|  60|0x000000070b000000, 0x000000070b000000, 0x000000070b200000|  0%| F|  |TAMS 0x000000070b000000, 0x000000070b000000| Untracked 
|  61|0x000000070b200000, 0x000000070b200000, 0x000000070b400000|  0%| F|  |TAMS 0x000000070b200000, 0x000000070b200000| Untracked 
|  62|0x000000070b400000, 0x000000070b400000, 0x000000070b600000|  0%| F|  |TAMS 0x000000070b400000, 0x000000070b400000| Untracked 
|  63|0x000000070b600000, 0x000000070b600000, 0x000000070b800000|  0%| F|  |TAMS 0x000000070b600000, 0x000000070b600000| Untracked 
|  64|0x000000070b800000, 0x000000070b800000, 0x000000070ba00000|  0%| F|  |TAMS 0x000000070b800000, 0x000000070b800000| Untracked 
|  65|0x000000070ba00000, 0x000000070ba00000, 0x000000070bc00000|  0%| F|  |TAMS 0x000000070ba00000, 0x000000070ba00000| Untracked 
|  66|0x000000070bc00000, 0x000000070bc00000, 0x000000070be00000|  0%| F|  |TAMS 0x000000070bc00000, 0x000000070bc00000| Untracked 
|  67|0x000000070be00000, 0x000000070be00000, 0x000000070c000000|  0%| F|  |TAMS 0x000000070be00000, 0x000000070be00000| Untracked 
|  68|0x000000070c000000, 0x000000070c000000, 0x000000070c200000|  0%| F|  |TAMS 0x000000070c000000, 0x000000070c000000| Untracked 
|  69|0x000000070c200000, 0x000000070c200000, 0x000000070c400000|  0%| F|  |TAMS 0x000000070c200000, 0x000000070c200000| Untracked 
|  70|0x000000070c400000, 0x000000070c400000, 0x000000070c600000|  0%| F|  |TAMS 0x000000070c400000, 0x000000070c400000| Untracked 
|  71|0x000000070c600000, 0x000000070c600000, 0x000000070c800000|  0%| F|  |TAMS 0x000000070c600000, 0x000000070c600000| Untracked 
|  72|0x000000070c800000, 0x000000070c800000, 0x000000070ca00000|  0%| F|  |TAMS 0x000000070c800000, 0x000000070c800000| Untracked 
|  73|0x000000070ca00000, 0x000000070ca00000, 0x000000070cc00000|  0%| F|  |TAMS 0x000000070ca00000, 0x000000070ca00000| Untracked 
|  74|0x000000070cc00000, 0x000000070cc00000, 0x000000070ce00000|  0%| F|  |TAMS 0x000000070cc00000, 0x000000070cc00000| Untracked 
|  75|0x000000070ce00000, 0x000000070ce00000, 0x000000070d000000|  0%| F|  |TAMS 0x000000070ce00000, 0x000000070ce00000| Untracked 
|  76|0x000000070d000000, 0x000000070d000000, 0x000000070d200000|  0%| F|  |TAMS 0x000000070d000000, 0x000000070d000000| Untracked 
|  77|0x000000070d200000, 0x000000070d200000, 0x000000070d400000|  0%| F|  |TAMS 0x000000070d200000, 0x000000070d200000| Untracked 
|  78|0x000000070d400000, 0x000000070d400000, 0x000000070d600000|  0%| F|  |TAMS 0x000000070d400000, 0x000000070d400000| Untracked 
|  79|0x000000070d600000, 0x000000070d600000, 0x000000070d800000|  0%| F|  |TAMS 0x000000070d600000, 0x000000070d600000| Untracked 
|  80|0x000000070d800000, 0x000000070d800000, 0x000000070da00000|  0%| F|  |TAMS 0x000000070d800000, 0x000000070d800000| Untracked 
|  81|0x000000070da00000, 0x000000070da00000, 0x000000070dc00000|  0%| F|  |TAMS 0x000000070da00000, 0x000000070da00000| Untracked 
|  82|0x000000070dc00000, 0x000000070dc00000, 0x000000070de00000|  0%| F|  |TAMS 0x000000070dc00000, 0x000000070dc00000| Untracked 
|  83|0x000000070de00000, 0x000000070de00000, 0x000000070e000000|  0%| F|  |TAMS 0x000000070de00000, 0x000000070de00000| Untracked 
|  84|0x000000070e000000, 0x000000070e000000, 0x000000070e200000|  0%| F|  |TAMS 0x000000070e000000, 0x000000070e000000| Untracked 
|  85|0x000000070e200000, 0x000000070e200000, 0x000000070e400000|  0%| F|  |TAMS 0x000000070e200000, 0x000000070e200000| Untracked 
|  86|0x000000070e400000, 0x000000070e400000, 0x000000070e600000|  0%| F|  |TAMS 0x000000070e400000, 0x000000070e400000| Untracked 
|  87|0x000000070e600000, 0x000000070e600000, 0x000000070e800000|  0%| F|  |TAMS 0x000000070e600000, 0x000000070e600000| Untracked 
|  88|0x000000070e800000, 0x000000070e800000, 0x000000070ea00000|  0%| F|  |TAMS 0x000000070e800000, 0x000000070e800000| Untracked 
|  89|0x000000070ea00000, 0x000000070ea00000, 0x000000070ec00000|  0%| F|  |TAMS 0x000000070ea00000, 0x000000070ea00000| Untracked 
|  90|0x000000070ec00000, 0x000000070ec00000, 0x000000070ee00000|  0%| F|  |TAMS 0x000000070ec00000, 0x000000070ec00000| Untracked 
|  91|0x000000070ee00000, 0x000000070ee00000, 0x000000070f000000|  0%| F|  |TAMS 0x000000070ee00000, 0x000000070ee00000| Untracked 
|  92|0x000000070f000000, 0x000000070f000000, 0x000000070f200000|  0%| F|  |TAMS 0x000000070f000000, 0x000000070f000000| Untracked 
|  93|0x000000070f200000, 0x000000070f200000, 0x000000070f400000|  0%| F|  |TAMS 0x000000070f200000, 0x000000070f200000| Untracked 
|  94|0x000000070f400000, 0x000000070f400000, 0x000000070f600000|  0%| F|  |TAMS 0x000000070f400000, 0x000000070f400000| Untracked 
|  95|0x000000070f600000, 0x000000070f600000, 0x000000070f800000|  0%| F|  |TAMS 0x000000070f600000, 0x000000070f600000| Untracked 
|  96|0x000000070f800000, 0x000000070f800000, 0x000000070fa00000|  0%| F|  |TAMS 0x000000070f800000, 0x000000070f800000| Untracked 
|  97|0x000000070fa00000, 0x000000070fa00000, 0x000000070fc00000|  0%| F|  |TAMS 0x000000070fa00000, 0x000000070fa00000| Untracked 
|  98|0x000000070fc00000, 0x000000070fc00000, 0x000000070fe00000|  0%| F|  |TAMS 0x000000070fc00000, 0x000000070fc00000| Untracked 
|  99|0x000000070fe00000, 0x000000070fe00000, 0x0000000710000000|  0%| F|  |TAMS 0x000000070fe00000, 0x000000070fe00000| Untracked 
| 100|0x0000000710000000, 0x0000000710000000, 0x0000000710200000|  0%| F|  |TAMS 0x0000000710000000, 0x0000000710000000| Untracked 
| 101|0x0000000710200000, 0x0000000710200000, 0x0000000710400000|  0%| F|  |TAMS 0x0000000710200000, 0x0000000710200000| Untracked 
| 102|0x0000000710400000, 0x0000000710400000, 0x0000000710600000|  0%| F|  |TAMS 0x0000000710400000, 0x0000000710400000| Untracked 
| 103|0x0000000710600000, 0x0000000710600000, 0x0000000710800000|  0%| F|  |TAMS 0x0000000710600000, 0x0000000710600000| Untracked 
| 104|0x0000000710800000, 0x0000000710800000, 0x0000000710a00000|  0%| F|  |TAMS 0x0000000710800000, 0x0000000710800000| Untracked 
| 105|0x0000000710a00000, 0x0000000710a00000, 0x0000000710c00000|  0%| F|  |TAMS 0x0000000710a00000, 0x0000000710a00000| Untracked 
| 106|0x0000000710c00000, 0x0000000710c00000, 0x0000000710e00000|  0%| F|  |TAMS 0x0000000710c00000, 0x0000000710c00000| Untracked 
| 107|0x0000000710e00000, 0x0000000710e00000, 0x0000000711000000|  0%| F|  |TAMS 0x0000000710e00000, 0x0000000710e00000| Untracked 
| 108|0x0000000711000000, 0x0000000711000000, 0x0000000711200000|  0%| F|  |TAMS 0x0000000711000000, 0x0000000711000000| Untracked 
| 109|0x0000000711200000, 0x0000000711200000, 0x0000000711400000|  0%| F|  |TAMS 0x0000000711200000, 0x0000000711200000| Untracked 
| 110|0x0000000711400000, 0x0000000711400000, 0x0000000711600000|  0%| F|  |TAMS 0x0000000711400000, 0x0000000711400000| Untracked 
| 111|0x0000000711600000, 0x0000000711600000, 0x0000000711800000|  0%| F|  |TAMS 0x0000000711600000, 0x0000000711600000| Untracked 
| 112|0x0000000711800000, 0x0000000711800000, 0x0000000711a00000|  0%| F|  |TAMS 0x0000000711800000, 0x0000000711800000| Untracked 
| 113|0x0000000711a00000, 0x0000000711a00000, 0x0000000711c00000|  0%| F|  |TAMS 0x0000000711a00000, 0x0000000711a00000| Untracked 
| 114|0x0000000711c00000, 0x0000000711c00000, 0x0000000711e00000|  0%| F|  |TAMS 0x0000000711c00000, 0x0000000711c00000| Untracked 
| 115|0x0000000711e00000, 0x0000000711e00000, 0x0000000712000000|  0%| F|  |TAMS 0x0000000711e00000, 0x0000000711e00000| Untracked 
| 116|0x0000000712000000, 0x0000000712000000, 0x0000000712200000|  0%| F|  |TAMS 0x0000000712000000, 0x0000000712000000| Untracked 
| 117|0x0000000712200000, 0x0000000712200000, 0x0000000712400000|  0%| F|  |TAMS 0x0000000712200000, 0x0000000712200000| Untracked 
| 118|0x0000000712400000, 0x00000007124e2898, 0x0000000712600000| 44%| E|  |TAMS 0x0000000712400000, 0x0000000712400000| Complete 
| 119|0x0000000712600000, 0x0000000712800000, 0x0000000712800000|100%| E|CS|TAMS 0x0000000712600000, 0x0000000712600000| Complete 
| 120|0x0000000712800000, 0x0000000712a00000, 0x0000000712a00000|100%| E|CS|TAMS 0x0000000712800000, 0x0000000712800000| Complete 
| 121|0x0000000712a00000, 0x0000000712c00000, 0x0000000712c00000|100%| E|CS|TAMS 0x0000000712a00000, 0x0000000712a00000| Complete 
| 122|0x0000000712c00000, 0x0000000712e00000, 0x0000000712e00000|100%| E|CS|TAMS 0x0000000712c00000, 0x0000000712c00000| Complete 
| 123|0x0000000712e00000, 0x0000000713000000, 0x0000000713000000|100%| E|CS|TAMS 0x0000000712e00000, 0x0000000712e00000| Complete 
| 124|0x0000000713000000, 0x0000000713200000, 0x0000000713200000|100%| E|CS|TAMS 0x0000000713000000, 0x0000000713000000| Complete 
| 125|0x0000000713200000, 0x0000000713400000, 0x0000000713400000|100%| E|CS|TAMS 0x0000000713200000, 0x0000000713200000| Complete 
| 126|0x0000000713400000, 0x0000000713600000, 0x0000000713600000|100%| E|CS|TAMS 0x0000000713400000, 0x0000000713400000| Complete 

Card table byte_map: [0x00000212568b0000,0x00000212570a0000] _byte_map_base: 0x0000021253094000

Marking Bits (Prev, Next): (CMBitMap*) 0x000002123d563db0, (CMBitMap*) 0x000002123d563df0
 Prev Bits: [0x0000021257890000, 0x000002125b7b0000)
 Next Bits: [0x000002125b7b0000, 0x000002125f6d0000)

Polling page: 0x000002123d5c0000

Metaspace:

Usage:
  Non-class:      1.84 MB used.
      Class:    174.27 KB used.
       Both:      2.01 MB used.

Virtual space:
  Non-class space:       64.00 MB reserved,       1.94 MB (  3%) committed,  1 nodes.
      Class space:        1.00 GB reserved,     256.00 KB ( <1%) committed,  1 nodes.
             Both:        1.06 GB reserved,       2.19 MB ( <1%) committed. 

Chunk freelists:
   Non-Class:  3.23 MB
       Class:  3.65 MB
        Both:  6.88 MB

MaxMetaspaceSize: unlimited
CompressedClassSpaceSize: 1.00 GB
Initial GC threshold: 21.00 MB
Current GC threshold: 21.00 MB
CDS: on
MetaspaceReclaimPolicy: balanced
 - commit_granule_bytes: 65536.
 - commit_granule_words: 8192.
 - virtual_space_node_default_size: 8388608.
 - enlarge_chunks_in_place: 1.
 - new_chunks_are_fully_committed: 0.
 - uncommit_free_chunks: 1.
 - use_allocation_guard: 0.


Internal statistics:

num_allocs_failed_limit: 0.
num_arena_births: 38.
num_arena_deaths: 0.
num_vsnodes_births: 2.
num_vsnodes_deaths: 0.
num_space_committed: 35.
num_space_uncommitted: 0.
num_chunks_returned_to_freelist: 0.
num_chunks_taken_from_freelist: 79.
num_chunk_merges: 0.
num_chunk_splits: 57.
num_chunks_enlarged: 39.
num_inconsistent_stats: 0.

CodeHeap 'non-profiled nmethods': size=120000Kb used=433Kb max_used=433Kb free=119566Kb
 bounds [0x000002124e100000, 0x000002124e370000, 0x0000021255630000]
CodeHeap 'profiled nmethods': size=120000Kb used=1231Kb max_used=1231Kb free=118769Kb
 bounds [0x0000021246bd0000, 0x0000021246e40000, 0x000002124e100000]
CodeHeap 'non-nmethods': size=5760Kb used=1174Kb max_used=1198Kb free=4585Kb
 bounds [0x0000021246630000, 0x00000212468a0000, 0x0000021246bd0000]
 total_blobs=1201 nmethods=757 adapters=357
 compilation: enabled
              stopped_count=0, restarted_count=0
 full_count=0

Compilation events (20 events):
Event: 1.636 Thread 0x00000212621701e0  745       3       java.util.ArrayDeque$DeqIterator::hasNext (13 bytes)
Event: 1.637 Thread 0x00000212621701e0 nmethod 745 0x0000021246cf6c90 code [0x0000021246cf6e20, 0x0000021246cf6f98]
Event: 1.687 Thread 0x0000021262165010  746       4       java.util.ArrayList::get (15 bytes)
Event: 1.688 Thread 0x0000021262165010 nmethod 746 0x000002124e16b290 code [0x000002124e16b400, 0x000002124e16b4f8]
Event: 1.770 Thread 0x00000212621701e0  747       3       org.bytedeco.javacpp.Pointer::sizeof (26 bytes)
Event: 1.770 Thread 0x00000212621701e0 nmethod 747 0x0000021246cf7010 code [0x0000021246cf71e0, 0x0000021246cf75a8]
Event: 1.770 Thread 0x00000212621701e0  749   !   3       org.bytedeco.javacpp.Pointer$DeallocatorReference::add (82 bytes)
Event: 1.771 Thread 0x00000212621701e0 nmethod 749 0x0000021246cf7690 code [0x0000021246cf7860, 0x0000021246cf7e58]
Event: 1.771 Thread 0x00000212621701e0  750       3       org.bytedeco.javacpp.PointerScope::getScopeIterator (15 bytes)
Event: 1.772 Thread 0x00000212621701e0 nmethod 750 0x0000021246cf7f90 code [0x0000021246cf8160, 0x0000021246cf8578]
Event: 1.772 Thread 0x00000212621701e0  751       3       org.bytedeco.javacpp.Pointer$DeallocatorReference::<init> (69 bytes)
Event: 1.774 Thread 0x00000212621701e0 nmethod 751 0x0000021246cf8710 code [0x0000021246cf8940, 0x0000021246cf9448]
Event: 1.774 Thread 0x00000212621701e0  752       3       org.bytedeco.javacpp.Loader::offsetof (59 bytes)
Event: 1.775 Thread 0x00000212621701e0 nmethod 752 0x0000021246cf9790 code [0x0000021246cf99e0, 0x0000021246cfa2b8]
Event: 1.775 Thread 0x00000212621701e0  753   !   3       org.bytedeco.javacpp.Pointer::deallocator (568 bytes)
Event: 1.784 Thread 0x00000212621701e0 nmethod 753 0x0000021246cfa610 code [0x0000021246cfb040, 0x0000021246d00a08]
Event: 1.820 Thread 0x00000212621701e0  754       3       org.bytedeco.javacpp.Pointer::<init> (86 bytes)
Event: 1.820 Thread 0x00000212621701e0 nmethod 754 0x0000021246d03110 code [0x0000021246d032c0, 0x0000021246d03628]
Event: 1.853 Thread 0x00000212621701e0  755       3       java.lang.invoke.DirectMethodHandle::internalMemberName (8 bytes)
Event: 1.853 Thread 0x00000212621701e0 nmethod 755 0x0000021246d03790 code [0x0000021246d03920, 0x0000021246d03b18]

GC Heap History (0 events):
No events

Deoptimization events (20 events):
Event: 0.629 Thread 0x000002123d4f2ed0 DEOPT PACKING pc=0x0000021246cb5ed7 sp=0x0000007e0d4fe690
Event: 0.629 Thread 0x000002123d4f2ed0 DEOPT UNPACKING pc=0x0000021246686763 sp=0x0000007e0d4fdb78 mode 0
Event: 0.632 Thread 0x000002123d4f2ed0 Uncommon trap: trap_request=0xffffff45 fr.pc=0x000002124e121144 relative=0x0000000000000224
Event: 0.632 Thread 0x000002123d4f2ed0 Uncommon trap: reason=unstable_if action=reinterpret pc=0x000002124e121144 method=sun.net.www.ParseUtil.firstEncodeIndex(Ljava/lang/String;)I @ 51 c2
Event: 0.632 Thread 0x000002123d4f2ed0 DEOPT PACKING pc=0x000002124e121144 sp=0x0000007e0d4fd9f0
Event: 0.632 Thread 0x000002123d4f2ed0 DEOPT UNPACKING pc=0x0000021246685c23 sp=0x0000007e0d4fd978 mode 2
Event: 0.632 Thread 0x000002123d4f2ed0 Uncommon trap: trap_request=0xffffff45 fr.pc=0x000002124e14cf5c relative=0x000000000000153c
Event: 0.632 Thread 0x000002123d4f2ed0 Uncommon trap: reason=unstable_if action=reinterpret pc=0x000002124e14cf5c method=java.net.URL.<init>(Ljava/net/URL;Ljava/lang/String;Ljava/net/URLStreamHandler;)V @ 273 c2
Event: 0.632 Thread 0x000002123d4f2ed0 DEOPT PACKING pc=0x000002124e14cf5c sp=0x0000007e0d4fd910
Event: 0.632 Thread 0x000002123d4f2ed0 DEOPT UNPACKING pc=0x0000021246685c23 sp=0x0000007e0d4fd8b0 mode 2
Event: 0.639 Thread 0x000002123d4f2ed0 Uncommon trap: trap_request=0xffffff45 fr.pc=0x000002124e13c7a0 relative=0x0000000000003d00
Event: 0.639 Thread 0x000002123d4f2ed0 Uncommon trap: reason=unstable_if action=reinterpret pc=0x000002124e13c7a0 method=sun.net.www.ParseUtil.firstEncodeIndex(Ljava/lang/String;)I @ 51 c2
Event: 0.639 Thread 0x000002123d4f2ed0 DEOPT PACKING pc=0x000002124e13c7a0 sp=0x0000007e0d4fd990
Event: 0.639 Thread 0x000002123d4f2ed0 DEOPT UNPACKING pc=0x0000021246685c23 sp=0x0000007e0d4fd6a8 mode 2
Event: 0.639 Thread 0x000002123d4f2ed0 Uncommon trap: trap_request=0xffffff45 fr.pc=0x000002124e145da0 relative=0x0000000000003d00
Event: 0.639 Thread 0x000002123d4f2ed0 Uncommon trap: reason=unstable_if action=reinterpret pc=0x000002124e145da0 method=sun.net.www.ParseUtil.firstEncodeIndex(Ljava/lang/String;)I @ 51 c2
Event: 0.639 Thread 0x000002123d4f2ed0 DEOPT PACKING pc=0x000002124e145da0 sp=0x0000007e0d4fd920
Event: 0.639 Thread 0x000002123d4f2ed0 DEOPT UNPACKING pc=0x0000021246685c23 sp=0x0000007e0d4fd6a0 mode 2
Event: 0.648 Thread 0x000002123d4f2ed0 DEOPT PACKING pc=0x0000021246cb5ed7 sp=0x0000007e0d4fd6c0
Event: 0.648 Thread 0x000002123d4f2ed0 DEOPT UNPACKING pc=0x0000021246686763 sp=0x0000007e0d4fcb98 mode 0

Classes loaded (20 events):
Event: 0.662 Loading class java/time/zone/TzdbZoneRulesProvider
Event: 0.662 Loading class java/time/zone/TzdbZoneRulesProvider done
Event: 0.666 Loading class java/time/zone/Ser
Event: 0.666 Loading class java/io/Externalizable
Event: 0.666 Loading class java/io/Externalizable done
Event: 0.667 Loading class java/time/zone/Ser done
Event: 0.667 Loading class java/time/Month
Event: 0.667 Loading class java/time/Month done
Event: 0.668 Loading class java/time/DayOfWeek
Event: 0.668 Loading class java/time/DayOfWeek done
Event: 0.668 Loading class java/time/zone/ZoneOffsetTransitionRule$TimeDefinition
Event: 0.669 Loading class java/time/zone/ZoneOffsetTransitionRule$TimeDefinition done
Event: 0.669 Loading class java/time/zone/ZoneOffsetTransition
Event: 0.669 Loading class java/time/zone/ZoneOffsetTransition done
Event: 0.669 Loading class java/time/temporal/TemporalAdjusters
Event: 0.669 Loading class java/time/temporal/TemporalAdjusters done
Event: 0.671 Loading class java/time/zone/ZoneOffsetTransitionRule$1
Event: 0.671 Loading class java/time/zone/ZoneOffsetTransitionRule$1 done
Event: 0.672 Loading class java/util/concurrent/TimeUnit$1
Event: 0.672 Loading class java/util/concurrent/TimeUnit$1 done

Classes unloaded (0 events):
No events

Classes redefined (0 events):
No events

Internal exceptions (7 events):
Event: 0.097 Thread 0x000002123d4f2ed0 Exception <a 'java/lang/NoSuchMethodError'{0x00000007132053a8}: 'int java.lang.invoke.DirectMethodHandle$Holder.invokeStaticInit(java.lang.Object, java.lang.Object, java.lang.Object, java.lang.Object)'> (0x00000007132053a8) 
thrown [s\open\src\hotspot\share\interpreter\linkResolver.cpp, line 766]
Event: 0.101 Thread 0x000002123d4f2ed0 Exception <a 'java/lang/NoSuchMethodError'{0x000000071320ffe0}: 'java.lang.Object java.lang.invoke.DirectMethodHandle$Holder.invokeInterface(java.lang.Object, java.lang.Object)'> (0x000000071320ffe0) 
thrown [s\open\src\hotspot\share\interpreter\linkResolver.cpp, line 766]
Event: 0.102 Thread 0x000002123d4f2ed0 Exception <a 'java/lang/IncompatibleClassChangeError'{0x00000007132135c8}: Found class java.lang.Object, but interface was expected> (0x00000007132135c8) 
thrown [s\open\src\hotspot\share\interpreter\linkResolver.cpp, line 833]
Event: 0.103 Thread 0x000002123d4f2ed0 Exception <a 'java/lang/NoSuchMethodError'{0x0000000713216818}: 'void java.lang.invoke.DirectMethodHandle$Holder.invokeStatic(java.lang.Object, java.lang.Object)'> (0x0000000713216818) 
thrown [s\open\src\hotspot\share\interpreter\linkResolver.cpp, line 766]
Event: 0.103 Thread 0x000002123d4f2ed0 Exception <a 'java/lang/NoSuchMethodError'{0x0000000713219e80}: 'void java.lang.invoke.DirectMethodHandle$Holder.invokeStaticInit(java.lang.Object, java.lang.Object)'> (0x0000000713219e80) 
thrown [s\open\src\hotspot\share\interpreter\linkResolver.cpp, line 766]
Event: 0.105 Thread 0x000002123d4f2ed0 Exception <a 'java/lang/NoSuchMethodError'{0x00000007132208b8}: 'int java.lang.invoke.DirectMethodHandle$Holder.invokeStaticInit(java.lang.Object, java.lang.Object)'> (0x00000007132208b8) 
thrown [s\open\src\hotspot\share\interpreter\linkResolver.cpp, line 766]
Event: 0.670 Thread 0x000002123d4f2ed0 Exception <a 'java/lang/NoSuchMethodError'{0x00000007127a2720}: 'java.lang.Object java.lang.invoke.DirectMethodHandle$Holder.invokeStatic(java.lang.Object, int, java.lang.Object)'> (0x00000007127a2720) 
thrown [s\open\src\hotspot\share\interpreter\linkResolver.cpp, line 766]

VM Operations (6 events):
Event: 0.071 Executing VM operation: HandshakeAllThreads
Event: 0.071 Executing VM operation: HandshakeAllThreads done
Event: 0.163 Executing VM operation: HandshakeAllThreads
Event: 0.163 Executing VM operation: HandshakeAllThreads done
Event: 1.171 Executing VM operation: Cleanup
Event: 1.171 Executing VM operation: Cleanup done

Events (20 events):
Event: 0.487 Loaded shared library C:\Program Files (x86)\Windows Kits\10\Redist\ucrt\DLLs\x64\api-ms-win-core-profile-l1-1-0.dll
Event: 0.488 Thread 0x00000212675ea8d0 Thread added: 0x00000212675ea8d0
Event: 0.500 Loaded shared library C:\Program Files (x86)\Windows Kits\10\Redist\ucrt\DLLs\x64\api-ms-win-core-memory-l1-1-0.dll
Event: 0.511 Loaded shared library C:\Program Files (x86)\Windows Kits\10\Redist\ucrt\DLLs\x64\api-ms-win-core-util-l1-1-0.dll
Event: 0.525 Loaded shared library C:\Program Files (x86)\Windows Kits\10\Redist\ucrt\DLLs\x64\api-ms-win-core-interlocked-l1-1-0.dll
Event: 0.539 Loaded shared library C:\Program Files (x86)\Windows Kits\10\Redist\ucrt\DLLs\x64\ucrtbase.dll
Event: 0.551 Loaded shared library C:\Program Files\Java\jdk-18.0.1.1\bin\vcruntime140.dll
Event: 0.567 Loaded shared library C:\Program Files\Java\jdk-18.0.1.1\bin\vcruntime140_1.dll
Event: 0.578 Loaded shared library C:\Program Files\Java\jdk-18.0.1.1\bin\msvcp140.dll
Event: 0.590 Loaded shared library C:\Windows\System32\msvcp140_1.dll
Event: 0.604 Loaded shared library C:\Windows\System32\concrt140.dll
Event: 0.615 Loaded shared library C:\Windows\System32\vcomp140.dll
Event: 0.639 Loaded shared library C:\Windows\System32\winmm.dll
Event: 0.642 Loaded shared library C:\Windows\System32\opengl32.dll
Event: 0.644 Loaded shared library C:\Windows\System32\user32.dll
Event: 0.646 Loaded shared library C:\Windows\System32\shell32.dll
Event: 0.648 Loaded shared library C:\Windows\System32\gdi32.dll
Event: 0.675 Loaded shared library C:\Users\aliens\.javacpp\cache\jaylib-4.2.0-1.jar\com\raylib\windows-x86_64\jniRaylib.dll
Event: 1.024 Thread 0x00000212675ea8d0 Thread exited: 0x00000212675ea8d0
Event: 1.026 Thread 0x0000021266c266b0 Thread exited: 0x0000021266c266b0


Dynamic libraries:
0x00007ff6d0510000 - 0x00007ff6d0520000 	C:\Program Files\Java\jdk-18.0.1.1\bin\java.exe
0x00007ffda5610000 - 0x00007ffda5808000 	C:\WINDOWS\SYSTEM32\ntdll.dll
0x00007ffda36a0000 - 0x00007ffda375f000 	C:\WINDOWS\System32\KERNEL32.DLL
0x00007ffda3160000 - 0x00007ffda343a000 	C:\WINDOWS\System32\KERNELBASE.dll
0x00007ffda2e10000 - 0x00007ffda2f10000 	C:\WINDOWS\System32\ucrtbase.dll
0x00007ffd96e80000 - 0x00007ffd96e9a000 	C:\Program Files\Java\jdk-18.0.1.1\bin\VCRUNTIME140.dll
0x00007ffd8e000000 - 0x00007ffd8e018000 	C:\Program Files\Java\jdk-18.0.1.1\bin\jli.dll
0x00007ffda5090000 - 0x00007ffda513e000 	C:\WINDOWS\System32\ADVAPI32.dll
0x00007ffda3d10000 - 0x00007ffda3dae000 	C:\WINDOWS\System32\msvcrt.dll
0x00007ffda53d0000 - 0x00007ffda546c000 	C:\WINDOWS\System32\sechost.dll
0x00007ffda4990000 - 0x00007ffda4ab6000 	C:\WINDOWS\System32\RPCRT4.dll
0x00007ffda47f0000 - 0x00007ffda498d000 	C:\WINDOWS\System32\USER32.dll
0x00007ffd8da00000 - 0x00007ffd8dc9a000 	C:\WINDOWS\WinSxS\amd64_microsoft.windows.common-controls_6595b64144ccf1df_6.0.19041.1110_none_60b5254171f9507e\COMCTL32.dll
0x00007ffda3440000 - 0x00007ffda3462000 	C:\WINDOWS\System32\win32u.dll
0x00007ffda3670000 - 0x00007ffda369b000 	C:\WINDOWS\System32\GDI32.dll
0x00007ffda2fc0000 - 0x00007ffda30d0000 	C:\WINDOWS\System32\gdi32full.dll
0x00007ffda3470000 - 0x00007ffda350d000 	C:\WINDOWS\System32\msvcp_win.dll
0x00007ffd9b740000 - 0x00007ffd9b74a000 	C:\WINDOWS\SYSTEM32\VERSION.dll
0x00007ffda5140000 - 0x00007ffda5170000 	C:\WINDOWS\System32\IMM32.DLL
0x00007ffd96e60000 - 0x00007ffd96e6c000 	C:\Program Files\Java\jdk-18.0.1.1\bin\vcruntime140_1.dll
0x00007ffd79aa0000 - 0x00007ffd79b2d000 	C:\Program Files\Java\jdk-18.0.1.1\bin\msvcp140.dll
0x00007ffd3e170000 - 0x00007ffd3ed80000 	C:\Program Files\Java\jdk-18.0.1.1\bin\server\jvm.dll
0x00007ffda5470000 - 0x00007ffda5478000 	C:\WINDOWS\System32\PSAPI.DLL
0x00007ffd7e6d0000 - 0x00007ffd7e6f7000 	C:\WINDOWS\SYSTEM32\WINMM.dll
0x00007ffd88930000 - 0x00007ffd88939000 	C:\WINDOWS\SYSTEM32\WSOCK32.dll
0x00007ffda5560000 - 0x00007ffda55cb000 	C:\WINDOWS\System32\WS2_32.dll
0x00007ffda0aa0000 - 0x00007ffda0ab2000 	C:\WINDOWS\SYSTEM32\kernel.appcore.dll
0x00007ffd96cc0000 - 0x00007ffd96cca000 	C:\Program Files\Java\jdk-18.0.1.1\bin\jimage.dll
0x00007ffd9cf70000 - 0x00007ffd9d154000 	C:\WINDOWS\SYSTEM32\DBGHELP.DLL
0x00007ffd84ad0000 - 0x00007ffd84b04000 	C:\WINDOWS\SYSTEM32\dbgcore.DLL
0x00007ffda30d0000 - 0x00007ffda3152000 	C:\WINDOWS\System32\bcryptPrimitives.dll
0x00007ffd83750000 - 0x00007ffd83775000 	C:\Program Files\Java\jdk-18.0.1.1\bin\java.dll
0x00007ffd77cf0000 - 0x00007ffd77dc6000 	C:\Program Files\Java\jdk-18.0.1.1\bin\jsvml.dll
0x00007ffda3ee0000 - 0x00007ffda4624000 	C:\WINDOWS\System32\SHELL32.dll
0x00007ffda0da0000 - 0x00007ffda1533000 	C:\WINDOWS\SYSTEM32\windows.storage.dll
0x00007ffda4bb0000 - 0x00007ffda4f04000 	C:\WINDOWS\System32\combase.dll
0x00007ffda26a0000 - 0x00007ffda26ce000 	C:\WINDOWS\SYSTEM32\Wldp.dll
0x00007ffda3e30000 - 0x00007ffda3edd000 	C:\WINDOWS\System32\SHCORE.dll
0x00007ffda3cb0000 - 0x00007ffda3d05000 	C:\WINDOWS\System32\shlwapi.dll
0x00007ffda2c60000 - 0x00007ffda2c7f000 	C:\WINDOWS\SYSTEM32\profapi.dll
0x00007ffd8b930000 - 0x00007ffd8b943000 	C:\Program Files\Java\jdk-18.0.1.1\bin\net.dll
0x00007ffd9d180000 - 0x00007ffd9d28a000 	C:\WINDOWS\SYSTEM32\WINHTTP.dll
0x00007ffda2480000 - 0x00007ffda24ea000 	C:\WINDOWS\system32\mswsock.dll
0x00007ffd8b7d0000 - 0x00007ffd8b7e6000 	C:\Program Files\Java\jdk-18.0.1.1\bin\nio.dll
0x00007ffd847d0000 - 0x00007ffd847e8000 	C:\Program Files\Java\jdk-18.0.1.1\bin\zip.dll
0x000002123d600000 - 0x000002123d603000 	C:\Program Files (x86)\Windows Kits\10\Redist\ucrt\DLLs\x64\api-ms-win-crt-locale-l1-1-0.dll
0x00000212622f0000 - 0x00000212622f4000 	C:\Program Files (x86)\Windows Kits\10\Redist\ucrt\DLLs\x64\api-ms-win-crt-string-l1-1-0.dll
0x0000021262300000 - 0x0000021262304000 	C:\Program Files (x86)\Windows Kits\10\Redist\ucrt\DLLs\x64\api-ms-win-crt-stdio-l1-1-0.dll
0x0000021262310000 - 0x0000021262315000 	C:\Program Files (x86)\Windows Kits\10\Redist\ucrt\DLLs\x64\api-ms-win-crt-math-l1-1-0.dll
0x0000021262320000 - 0x0000021262323000 	C:\Program Files (x86)\Windows Kits\10\Redist\ucrt\DLLs\x64\api-ms-win-crt-heap-l1-1-0.dll
0x0000021262330000 - 0x0000021262334000 	C:\Program Files (x86)\Windows Kits\10\Redist\ucrt\DLLs\x64\api-ms-win-crt-runtime-l1-1-0.dll
0x0000021262340000 - 0x0000021262344000 	C:\Program Files (x86)\Windows Kits\10\Redist\ucrt\DLLs\x64\api-ms-win-crt-convert-l1-1-0.dll
0x0000021262350000 - 0x0000021262353000 	C:\Program Files (x86)\Windows Kits\10\Redist\ucrt\DLLs\x64\api-ms-win-crt-environment-l1-1-0.dll
0x0000021262360000 - 0x0000021262363000 	C:\Program Files (x86)\Windows Kits\10\Redist\ucrt\DLLs\x64\api-ms-win-crt-time-l1-1-0.dll
0x0000021262370000 - 0x0000021262373000 	C:\Program Files (x86)\Windows Kits\10\Redist\ucrt\DLLs\x64\api-ms-win-crt-filesystem-l1-1-0.dll
0x0000021262380000 - 0x0000021262383000 	C:\Program Files (x86)\Windows Kits\10\Redist\ucrt\DLLs\x64\api-ms-win-crt-utility-l1-1-0.dll
0x0000021262390000 - 0x0000021262395000 	C:\Program Files (x86)\Windows Kits\10\Redist\ucrt\DLLs\x64\api-ms-win-crt-multibyte-l1-1-0.dll
0x00000212623a0000 - 0x00000212623a3000 	C:\Program Files (x86)\Windows Kits\10\Redist\ucrt\DLLs\x64\api-ms-win-crt-conio-l1-1-0.dll
0x00000212623b0000 - 0x00000212623bf000 	C:\Program Files (x86)\Windows Kits\10\Redist\ucrt\DLLs\x64\api-ms-win-crt-private-l1-1-0.dll
0x00000212623c0000 - 0x00000212623c3000 	C:\Program Files (x86)\Windows Kits\10\Redist\ucrt\DLLs\x64\api-ms-win-crt-process-l1-1-0.dll
0x00000212623d0000 - 0x00000212623d3000 	C:\Program Files\Java\jdk-18.0.1.1\bin\api-ms-win-core-console-l1-2-0.dll
0x00000212623e0000 - 0x00000212623e3000 	C:\Program Files (x86)\Windows Kits\10\Redist\ucrt\DLLs\x64\api-ms-win-core-string-l1-1-0.dll
0x00000212623f0000 - 0x00000212623f3000 	C:\Program Files (x86)\Windows Kits\10\Redist\ucrt\DLLs\x64\api-ms-win-core-errorhandling-l1-1-0.dll
0x0000021267000000 - 0x0000021267003000 	C:\Program Files (x86)\Windows Kits\10\Redist\ucrt\DLLs\x64\api-ms-win-core-timezone-l1-1-0.dll
0x0000021267010000 - 0x0000021267014000 	C:\Program Files (x86)\Windows Kits\10\Redist\ucrt\DLLs\x64\api-ms-win-core-file-l1-1-0.dll
0x0000021267020000 - 0x0000021267023000 	C:\Program Files (x86)\Windows Kits\10\Redist\ucrt\DLLs\x64\api-ms-win-core-namedpipe-l1-1-0.dll
0x0000021267030000 - 0x0000021267033000 	C:\Program Files (x86)\Windows Kits\10\Redist\ucrt\DLLs\x64\api-ms-win-core-handle-l1-1-0.dll
0x0000021267040000 - 0x0000021267043000 	C:\Program Files (x86)\Windows Kits\10\Redist\ucrt\DLLs\x64\api-ms-win-core-file-l2-1-0.dll
0x0000021267050000 - 0x0000021267053000 	C:\Program Files (x86)\Windows Kits\10\Redist\ucrt\DLLs\x64\api-ms-win-core-heap-l1-1-0.dll
0x0000021267060000 - 0x0000021267063000 	C:\Program Files (x86)\Windows Kits\10\Redist\ucrt\DLLs\x64\api-ms-win-core-libraryloader-l1-1-0.dll
0x0000021267070000 - 0x0000021267073000 	C:\Program Files (x86)\Windows Kits\10\Redist\ucrt\DLLs\x64\api-ms-win-core-synch-l1-1-0.dll
0x0000021267080000 - 0x0000021267083000 	C:\Program Files (x86)\Windows Kits\10\Redist\ucrt\DLLs\x64\api-ms-win-core-processthreads-l1-1-0.dll
0x0000021267090000 - 0x0000021267093000 	C:\Program Files (x86)\Windows Kits\10\Redist\ucrt\DLLs\x64\api-ms-win-core-processenvironment-l1-1-0.dll
0x00000212670a0000 - 0x00000212670a3000 	C:\Program Files (x86)\Windows Kits\10\Redist\ucrt\DLLs\x64\api-ms-win-core-datetime-l1-1-0.dll
0x00000212670b0000 - 0x00000212670b3000 	C:\Program Files (x86)\Windows Kits\10\Redist\ucrt\DLLs\x64\api-ms-win-core-localization-l1-2-0.dll
0x00000212670c0000 - 0x00000212670c3000 	C:\Program Files (x86)\Windows Kits\10\Redist\ucrt\DLLs\x64\api-ms-win-core-sysinfo-l1-1-0.dll
0x00000212670d0000 - 0x00000212670d3000 	C:\Program Files (x86)\Windows Kits\10\Redist\ucrt\DLLs\x64\api-ms-win-core-synch-l1-2-0.dll
0x00000212670e0000 - 0x00000212670e3000 	C:\Program Files (x86)\Windows Kits\10\Redist\ucrt\DLLs\x64\api-ms-win-core-console-l1-1-0.dll
0x00000212680c0000 - 0x00000212680c3000 	C:\Program Files (x86)\Windows Kits\10\Redist\ucrt\DLLs\x64\api-ms-win-core-debug-l1-1-0.dll
0x00000212680d0000 - 0x00000212680d3000 	C:\Program Files (x86)\Windows Kits\10\Redist\ucrt\DLLs\x64\api-ms-win-core-rtlsupport-l1-1-0.dll
0x00000212680e0000 - 0x00000212680e3000 	C:\Program Files (x86)\Windows Kits\10\Redist\ucrt\DLLs\x64\api-ms-win-core-processthreads-l1-1-1.dll
0x00000212680f0000 - 0x00000212680f3000 	C:\Program Files (x86)\Windows Kits\10\Redist\ucrt\DLLs\x64\api-ms-win-core-file-l1-2-0.dll
0x0000021268100000 - 0x0000021268103000 	C:\Program Files (x86)\Windows Kits\10\Redist\ucrt\DLLs\x64\api-ms-win-core-profile-l1-1-0.dll
0x0000021268110000 - 0x0000021268113000 	C:\Program Files (x86)\Windows Kits\10\Redist\ucrt\DLLs\x64\api-ms-win-core-memory-l1-1-0.dll
0x0000021268120000 - 0x0000021268123000 	C:\Program Files (x86)\Windows Kits\10\Redist\ucrt\DLLs\x64\api-ms-win-core-util-l1-1-0.dll
0x0000021268130000 - 0x0000021268133000 	C:\Program Files (x86)\Windows Kits\10\Redist\ucrt\DLLs\x64\api-ms-win-core-interlocked-l1-1-0.dll
0x00007ffd3ada0000 - 0x00007ffd3ae92000 	C:\Program Files (x86)\Windows Kits\10\Redist\ucrt\DLLs\x64\ucrtbase.dll
0x00007ffd95f70000 - 0x00007ffd95f79000 	C:\Windows\System32\msvcp140_1.dll
0x00007ffd8de60000 - 0x00007ffd8deae000 	C:\Windows\System32\concrt140.dll
0x00007ffd65d50000 - 0x00007ffd65d81000 	C:\Windows\System32\vcomp140.dll
0x00007ffd688a0000 - 0x00007ffd689c5000 	C:\Windows\System32\opengl32.dll
0x00007ffd8b7a0000 - 0x00007ffd8b7cc000 	C:\WINDOWS\SYSTEM32\GLU32.dll
0x00007ffd28a40000 - 0x00007ffd28c72000 	C:\Users\aliens\.javacpp\cache\jaylib-4.2.0-1.jar\com\raylib\windows-x86_64\jniRaylib.dll
0x00007ffda05c0000 - 0x00007ffda065e000 	C:\WINDOWS\system32\uxtheme.dll
0x00007ffd5e890000 - 0x00007ffd5e8d5000 	C:\WINDOWS\SYSTEM32\dinput8.dll
0x00007ffd7d310000 - 0x00007ffd7d321000 	C:\WINDOWS\SYSTEM32\xinput1_4.dll
0x00007ffda2dc0000 - 0x00007ffda2e0e000 	C:\WINDOWS\System32\cfgmgr32.dll
0x00007ffda2ad0000 - 0x00007ffda2afc000 	C:\WINDOWS\SYSTEM32\DEVOBJ.dll
0x00007ffda0890000 - 0x00007ffda08bf000 	C:\WINDOWS\SYSTEM32\dwmapi.dll
0x00007ffd96380000 - 0x00007ffd964d2000 	C:\WINDOWS\SYSTEM32\inputhost.dll
0x00007ffda4fc0000 - 0x00007ffda508d000 	C:\WINDOWS\System32\OLEAUT32.dll
0x00007ffda0290000 - 0x00007ffda0382000 	C:\WINDOWS\SYSTEM32\CoreMessaging.dll
0x00007ffd9e4f0000 - 0x00007ffd9e5e6000 	C:\WINDOWS\SYSTEM32\PROPSYS.dll
0x00007ffd9fa50000 - 0x00007ffd9fba4000 	C:\WINDOWS\SYSTEM32\wintypes.dll
0x00007ffd9ff30000 - 0x00007ffda028e000 	C:\WINDOWS\SYSTEM32\CoreUIComponents.dll
0x00007ffda1e70000 - 0x00007ffda1ea3000 	C:\WINDOWS\SYSTEM32\ntmarta.dll
0x00007ffda5180000 - 0x00007ffda5294000 	C:\WINDOWS\System32\MSCTF.dll
0x00007ffda1540000 - 0x00007ffda154d000 	C:\WINDOWS\SYSTEM32\HID.DLL
0x00007ffda3840000 - 0x00007ffda3ca8000 	C:\WINDOWS\System32\SETUPAPI.DLL
0x00007ffda2d20000 - 0x00007ffda2d47000 	C:\WINDOWS\System32\bcrypt.dll
0x00007ffda2d50000 - 0x00007ffda2db7000 	C:\WINDOWS\System32\WINTRUST.dll
0x00007ffda3510000 - 0x00007ffda3666000 	C:\WINDOWS\System32\CRYPT32.dll
0x00007ffda2910000 - 0x00007ffda2922000 	C:\WINDOWS\SYSTEM32\MSASN1.dll
0x00007ffda4f10000 - 0x00007ffda4fb9000 	C:\WINDOWS\System32\clbcatq.dll
0x00007ffd22c70000 - 0x00007ffd23c95000 	C:\WINDOWS\System32\DriverStore\FileRepository\iigd_dch.inf_amd64_7df576fcfa9adb45\ig11icd64.dll
0x00007ffda52a0000 - 0x00007ffda53ca000 	C:\WINDOWS\System32\ole32.dll
0x00007ffda15a0000 - 0x00007ffda1693000 	C:\WINDOWS\system32\dxgi.dll
0x00007ffd26530000 - 0x00007ffd2696c000 	C:\WINDOWS\System32\DriverStore\FileRepository\iigd_dch.inf_amd64_7df576fcfa9adb45\igdml64.dll
0x00007ffd92b40000 - 0x00007ffd92e76000 	C:\WINDOWS\System32\DriverStore\FileRepository\iigd_dch.inf_amd64_7df576fcfa9adb45\igdgmm64.dll
0x00007ffd8f350000 - 0x00007ffd920df000 	C:\WINDOWS\System32\DriverStore\FileRepository\iigd_dch.inf_amd64_7df576fcfa9adb45\igc64.dll
0x00007ffda2260000 - 0x00007ffda22ab000 	C:\WINDOWS\SYSTEM32\powrprof.dll
0x00007ffda2120000 - 0x00007ffda2132000 	C:\WINDOWS\SYSTEM32\UMPDC.dll
0x00007ffd964e0000 - 0x00007ffd965d9000 	C:\WINDOWS\SYSTEM32\textinputframework.dll
0x00007ffd8d3b0000 - 0x00007ffd8d416000 	C:\WINDOWS\system32\Oleacc.dll

dbghelp: loaded successfully - version: 4.0.5 - missing functions: none
symbol engine: initialized successfully - sym options: 0x614 - pdb path: .;C:\Program Files\Java\jdk-18.0.1.1\bin;C:\WINDOWS\SYSTEM32;C:\WINDOWS\WinSxS\amd64_microsoft.windows.common-controls_6595b64144ccf1df_6.0.19041.1110_none_60b5254171f9507e;C:\Program Files\Java\jdk-18.0.1.1\bin\server;C:\Program Files (x86)\Windows Kits\10\Redist\ucrt\DLLs\x64;C:\Users\aliens\.javacpp\cache\jaylib-4.2.0-1.jar\com\raylib\windows-x86_64

VM Arguments:
jvm_args: -Dfile.encoding=windows-1252 -Duser.country=GB -Duser.language=en -Duser.variant 
java_command: org.example.Main
java_class_path (initial): C:\Users\aliens\IdeaProjects\snek-gradle-kotlin\build\classes\java\main;C:\Users\aliens\IdeaProjects\snek-gradle-kotlin\build\resources\main;C:\Users\aliens\.gradle\caches\modules-2\files-2.1\uk.co.electronstudio.jaylib\jaylib\4.2.0-1\bd8b3687d71b52ac79a3b8f53929b86f57a770c1\jaylib-4.2.0-1.jar
Launcher Type: SUN_STANDARD

[Global flags]
     intx CICompilerCount                          = 4                                         {product} {ergonomic}
     uint ConcGCThreads                            = 2                                         {product} {ergonomic}
     uint G1ConcRefinementThreads                  = 8                                         {product} {ergonomic}
   size_t G1HeapRegionSize                         = 2097152                                   {product} {ergonomic}
    uintx GCDrainStackTargetSize                   = 64                                        {product} {ergonomic}
   size_t InitialHeapSize                          = 266338304                                 {product} {ergonomic}
   size_t MarkStackSize                            = 4194304                                   {product} {ergonomic}
   size_t MaxHeapSize                              = 4236247040                                {product} {ergonomic}
   size_t MaxNewSize                               = 2541748224                                {product} {ergonomic}
   size_t MinHeapDeltaBytes                        = 2097152                                   {product} {ergonomic}
   size_t MinHeapSize                              = 8388608                                   {product} {ergonomic}
    uintx NonNMethodCodeHeapSize                   = 5839372                                {pd product} {ergonomic}
    uintx NonProfiledCodeHeapSize                  = 122909434                              {pd product} {ergonomic}
    uintx ProfiledCodeHeapSize                     = 122909434                              {pd product} {ergonomic}
    uintx ReservedCodeCacheSize                    = 251658240                              {pd product} {ergonomic}
     bool SegmentedCodeCache                       = true                                      {product} {ergonomic}
   size_t SoftMaxHeapSize                          = 4236247040                             {manageable} {ergonomic}
     bool UseCompressedClassPointers               = true                           {product lp64_product} {ergonomic}
     bool UseCompressedOops                        = true                           {product lp64_product} {ergonomic}
     bool UseG1GC                                  = true                                      {product} {ergonomic}
     bool UseLargePagesIndividualAllocation        = false                                  {pd product} {ergonomic}

Logging:
Log output configuration:
 #0: stdout all=warning uptime,level,tags foldmultilines=false
 #1: stderr all=off uptime,level,tags foldmultilines=false

Environment Variables:
JAVA_HOME=C:\Program Files\Java\jdk-19.0.2
PATH=C:\VulkanSDK\1.3.239.0\Bin;C:\Program Files\Lapce\;C:\Program Files\Java\jdk-19.0.2\bin;C:\Program Files\Common Files\Oracle\Java\javapath;C:\Program Files (x86)\Common Files\Oracle\Java\javapath;C:\Program Files\Python310\Scripts\;C:\Program Files\Python310\;C:\WINDOWS\system32;C:\WINDOWS;C:\WINDOWS\System32\Wbem;C:\WINDOWS\System32\WindowsPowerShell\v1.0\;C:\WINDOWS\System32\OpenSSH\;C:\Perl64\bin\;C:\ProgramData\chocolatey\bin;C:\Program Files\Microsoft SQL Server\150\Tools\Binn\;C:\Program Files\Microsoft SQL Server\130\Tools\Binn\;C:\Program Files (x86)\Windows Kits\10\Windows Performance Toolkit\;C:\Program Files\VSCodium\bin;C:\Program Files\dotnet\;C:\Program Files\nodejs\;C:\Program Files (x86)\Lua\5.1;C:\Program Files (x86)\Lua\5.1\clibs;C:\fasmg.jmhx;C:\metasploit-framework\bin\;c:\Program Files (x86)\Microsoft SQL Server\90\Tools\binn\;C:\Program Files (x86)\Gpg4win\..\GnuPG\bin;C:\Program Files\Neovim\bin;C:\Program Files\Docker\Docker\resources\bin;C:\Program Files\PuTTY\;C:\Users\aliens\.cargo\bin;C:\Users\aliens\scoop\shims;C:\Program Files\MySQL\MySQL Shell 8.0\bin\;C:\Users\aliens\AppData\Local\Microsoft\WindowsApps;C:\cygwin64\bin;C:\pspsdk\bin;C:\Users\aliens\.dotnet\tools;C:\Users\aliens\AppData\Local\GitHubDesktop\bin;C:\cheerp\bin;C:\Users\aliens\AppData\Roaming\Python\Python310\Scripts;C:\Program Files\CMake\bin;C:\Program Files\Tesseract-OCR;C:\Users\aliens\AppData\Local\JetBrains\Toolbox\scripts;C:\Users\aliens\.dotnet\tools;C:\Program Files (x86)\Nmap;C:\Program Files\Java\jdk-19.0.2\bin;C:\Users\aliens\emsdk\upstream\bin;C:\Users\aliens\emsdk\upstream\emscripten;C:\Users\aliens\AppData\Local\Programs\Microsoft VS Code;C:\Users\aliens\.dotnet\tools;C:\cheerp\bin;C:\Users\aliens\AppData\Roaming\npm;C:\xampp\mysql\bin;C:\gradle-8.0.2\bin;C:\php;C:\Users\aliens\AppData\Local\ComposerSetup\bin;C:\Users\aliens\AppData\Roaming\Composer\vendor\bin;C:\Users\aliens\.dotnet\tools;C:\Users\aliens\AppData\Local\Programs\Microsoft VS Code Insiders\bin
USERNAME=aliens
OS=Windows_NT
PROCESSOR_IDENTIFIER=Intel64 Family 6 Model 126 Stepping 5, GenuineIntel



---------------  S Y S T E M  ---------------

OS:
 Windows 10 , 64 bit Build 19041 (10.0.19041.2788)
OS uptime: 13 days 18:42 hours
Hyper-V role detected

CPU: total 8 (initial active 8) (4 cores per cpu, 2 threads per core) family 6 model 126 stepping 5 microcode 0xb0, cx8, cmov, fxsr, ht, mmx, 3dnowpref, sse, sse2, sse3, ssse3, sse4.1, sse4.2, popcnt, lzcnt, tsc, tscinvbit, avx, avx2, aes, erms, clmul, bmi1, bmi2, adx, avx512f, avx512dq, avx512cd, avx512bw, avx512vl, sha, fma, vzeroupper, avx512_vpopcntdq, avx512_vpclmulqdq, avx512_vaes, avx512_vnni, clflush, clflushopt, avx512_vbmi2, avx512_vbmi, hv

Memory: 4k page, system-wide physical 16153M (5706M free)
TotalPageFile size 26393M (AvailPageFile size 11167M)
current process WorkingSet (physical memory assigned to process): 129M, peak: 154M
current process commit charge ("private bytes"): 400M, peak: 413M

vm_info: Java HotSpot(TM) 64-Bit Server VM (18.0.1.1+2-6) for windows-amd64 JRE (18.0.1.1+2-6), built on Apr 25 2022 21:53:15 by "mach5one" with MS VC++ 16.8 / 16.9 (VS2019)

END.
